The system is: Darwin - 20.3.0 - x86_64
Compiling the C compiler identification source file "CMakeCCompilerId.c" succeeded.
Compiler: /usr/bin/clang 
Build flags: 
Id flags:  

The output was:
0


Compilation of the C compiler identification source "CMakeCCompilerId.c" produced "a.out"

The C compiler identification is AppleClang, found in "/Users/dameon0430/Documents/Dev/SFML/learno/build/CMakeFiles/3.20.0/CompilerIdC/a.out"

Compiling the CXX compiler identification source file "CMakeCXXCompilerId.cpp" succeeded.
Compiler: /usr/bin/clang++ 
Build flags: 
Id flags:  

The output was:
0


Compilation of the CXX compiler identification source "CMakeCXXCompilerId.cpp" produced "a.out"

The CXX compiler identification is AppleClang, found in "/Users/dameon0430/Documents/Dev/SFML/learno/build/CMakeFiles/3.20.0/CompilerIdCXX/a.out"

Detecting C compiler ABI info compiled with the following output:
Change Dir: /Users/dameon0430/Documents/Dev/SFML/learno/build/CMakeFiles/CMakeTmp

Run Build Command(s):/usr/bin/make -f Makefile cmTC_7b906/fast && /Library/Developer/CommandLineTools/usr/bin/make  -f CMakeFiles/cmTC_7b906.dir/build.make CMakeFiles/cmTC_7b906.dir/build
Building C object CMakeFiles/cmTC_7b906.dir/CMakeCCompilerABI.c.o
/usr/bin/clang   -isysroot /Library/Developer/CommandLineTools/SDKs/MacOSX11.1.sdk   -v -Wl,-v -MD -MT CMakeFiles/cmTC_7b906.dir/CMakeCCompilerABI.c.o -MF CMakeFiles/cmTC_7b906.dir/CMakeCCompilerABI.c.o.d -o CMakeFiles/cmTC_7b906.dir/CMakeCCompilerABI.c.o -c /usr/local/Cellar/cmake/3.20.0/share/cmake/Modules/CMakeCCompilerABI.c
Apple clang version 12.0.0 (clang-1200.0.32.29)
Target: x86_64-apple-darwin20.3.0
Thread model: posix
InstalledDir: /Library/Developer/CommandLineTools/usr/bin
clang: warning: -Wl,-v: 'linker' input unused [-Wunused-command-line-argument]
 "/Library/Developer/CommandLineTools/usr/bin/clang" -cc1 -triple x86_64-apple-macosx11.0.0 -Wdeprecated-objc-isa-usage -Werror=deprecated-objc-isa-usage -Werror=implicit-function-declaration -emit-obj -mrelax-all -disable-free -disable-llvm-verifier -discard-value-names -main-file-name CMakeCCompilerABI.c -mrelocation-model pic -pic-level 2 -mthread-model posix -mframe-pointer=all -fno-strict-return -masm-verbose -munwind-tables -target-sdk-version=11.1 -target-cpu penryn -dwarf-column-info -debugger-tuning=lldb -target-linker-version 609.8 -v -resource-dir /Library/Developer/CommandLineTools/usr/lib/clang/12.0.0 -dependency-file CMakeFiles/cmTC_7b906.dir/CMakeCCompilerABI.c.o.d -skip-unused-modulemap-deps -MT CMakeFiles/cmTC_7b906.dir/CMakeCCompilerABI.c.o -sys-header-deps -isysroot /Library/Developer/CommandLineTools/SDKs/MacOSX11.1.sdk -internal-isystem /Library/Developer/CommandLineTools/SDKs/MacOSX11.1.sdk/usr/local/include -internal-isystem /Library/Developer/CommandLineTools/usr/lib/clang/12.0.0/include -internal-externc-isystem /Library/Developer/CommandLineTools/SDKs/MacOSX11.1.sdk/usr/include -internal-externc-isystem /Library/Developer/CommandLineTools/usr/include -Wno-reorder-init-list -Wno-implicit-int-float-conversion -Wno-c99-designator -Wno-final-dtor-non-final-class -Wno-extra-semi-stmt -Wno-misleading-indentation -Wno-quoted-include-in-framework-header -Wno-implicit-fallthrough -Wno-enum-enum-conversion -Wno-enum-float-conversion -fdebug-compilation-dir /Users/dameon0430/Documents/Dev/SFML/learno/build/CMakeFiles/CMakeTmp -ferror-limit 19 -fmessage-length 0 -stack-protector 1 -fstack-check -mdarwin-stkchk-strong-link -fblocks -fencode-extended-block-signature -fregister-global-dtors-with-atexit -fgnuc-version=4.2.1 -fobjc-runtime=macosx-11.0.0 -fmax-type-align=16 -fdiagnostics-show-option -o CMakeFiles/cmTC_7b906.dir/CMakeCCompilerABI.c.o -x c /usr/local/Cellar/cmake/3.20.0/share/cmake/Modules/CMakeCCompilerABI.c
clang -cc1 version 12.0.0 (clang-1200.0.32.29) default target x86_64-apple-darwin20.3.0
ignoring nonexistent directory "/Library/Developer/CommandLineTools/SDKs/MacOSX11.1.sdk/usr/local/include"
ignoring nonexistent directory "/Library/Developer/CommandLineTools/SDKs/MacOSX11.1.sdk/Library/Frameworks"
#include "..." search starts here:
#include <...> search starts here:
 /Library/Developer/CommandLineTools/usr/lib/clang/12.0.0/include
 /Library/Developer/CommandLineTools/SDKs/MacOSX11.1.sdk/usr/include
 /Library/Developer/CommandLineTools/usr/include
 /Library/Developer/CommandLineTools/SDKs/MacOSX11.1.sdk/System/Library/Frameworks (framework directory)
End of search list.
Linking C executable cmTC_7b906
/usr/local/Cellar/cmake/3.20.0/bin/cmake -E cmake_link_script CMakeFiles/cmTC_7b906.dir/link.txt --verbose=1
/usr/bin/clang  -isysroot /Library/Developer/CommandLineTools/SDKs/MacOSX11.1.sdk -Wl,-search_paths_first -Wl,-headerpad_max_install_names  -v -Wl,-v CMakeFiles/cmTC_7b906.dir/CMakeCCompilerABI.c.o -o cmTC_7b906 
Apple clang version 12.0.0 (clang-1200.0.32.29)
Target: x86_64-apple-darwin20.3.0
Thread model: posix
InstalledDir: /Library/Developer/CommandLineTools/usr/bin
 "/Library/Developer/CommandLineTools/usr/bin/ld" -demangle -lto_library /Library/Developer/CommandLineTools/usr/lib/libLTO.dylib -dynamic -arch x86_64 -platform_version macos 11.0.0 11.1 -syslibroot /Library/Developer/CommandLineTools/SDKs/MacOSX11.1.sdk -o cmTC_7b906 -search_paths_first -headerpad_max_install_names -v CMakeFiles/cmTC_7b906.dir/CMakeCCompilerABI.c.o -lSystem /Library/Developer/CommandLineTools/usr/lib/clang/12.0.0/lib/darwin/libclang_rt.osx.a
@(#)PROGRAM:ld  PROJECT:ld64-609.8
BUILD 15:07:46 Dec 18 2020
configured to support archs: armv6 armv7 armv7s arm64 arm64e arm64_32 i386 x86_64 x86_64h armv6m armv7k armv7m armv7em
Library search paths:
	/Library/Developer/CommandLineTools/SDKs/MacOSX11.1.sdk/usr/lib
Framework search paths:
	/Library/Developer/CommandLineTools/SDKs/MacOSX11.1.sdk/System/Library/Frameworks/



Parsed C implicit include dir info from above output: rv=done
  found start of include info
  found start of implicit include info
    add: [/Library/Developer/CommandLineTools/usr/lib/clang/12.0.0/include]
    add: [/Library/Developer/CommandLineTools/SDKs/MacOSX11.1.sdk/usr/include]
    add: [/Library/Developer/CommandLineTools/usr/include]
  end of search list found
  collapse include dir [/Library/Developer/CommandLineTools/usr/lib/clang/12.0.0/include] ==> [/Library/Developer/CommandLineTools/usr/lib/clang/12.0.0/include]
  collapse include dir [/Library/Developer/CommandLineTools/SDKs/MacOSX11.1.sdk/usr/include] ==> [/Library/Developer/CommandLineTools/SDKs/MacOSX11.1.sdk/usr/include]
  collapse include dir [/Library/Developer/CommandLineTools/usr/include] ==> [/Library/Developer/CommandLineTools/usr/include]
  implicit include dirs: [/Library/Developer/CommandLineTools/usr/lib/clang/12.0.0/include;/Library/Developer/CommandLineTools/SDKs/MacOSX11.1.sdk/usr/include;/Library/Developer/CommandLineTools/usr/include]


Parsed C implicit link information from above output:
  link line regex: [^( *|.*[/\])(ld|CMAKE_LINK_STARTFILE-NOTFOUND|([^/\]+-)?ld|collect2)[^/\]*( |$)]
  ignore line: [Change Dir: /Users/dameon0430/Documents/Dev/SFML/learno/build/CMakeFiles/CMakeTmp]
  ignore line: []
  ignore line: [Run Build Command(s):/usr/bin/make -f Makefile cmTC_7b906/fast && /Library/Developer/CommandLineTools/usr/bin/make  -f CMakeFiles/cmTC_7b906.dir/build.make CMakeFiles/cmTC_7b906.dir/build]
  ignore line: [Building C object CMakeFiles/cmTC_7b906.dir/CMakeCCompilerABI.c.o]
  ignore line: [/usr/bin/clang   -isysroot /Library/Developer/CommandLineTools/SDKs/MacOSX11.1.sdk   -v -Wl -v -MD -MT CMakeFiles/cmTC_7b906.dir/CMakeCCompilerABI.c.o -MF CMakeFiles/cmTC_7b906.dir/CMakeCCompilerABI.c.o.d -o CMakeFiles/cmTC_7b906.dir/CMakeCCompilerABI.c.o -c /usr/local/Cellar/cmake/3.20.0/share/cmake/Modules/CMakeCCompilerABI.c]
  ignore line: [Apple clang version 12.0.0 (clang-1200.0.32.29)]
  ignore line: [Target: x86_64-apple-darwin20.3.0]
  ignore line: [Thread model: posix]
  ignore line: [InstalledDir: /Library/Developer/CommandLineTools/usr/bin]
  ignore line: [clang: warning: -Wl -v: 'linker' input unused [-Wunused-command-line-argument]]
  ignore line: [ "/Library/Developer/CommandLineTools/usr/bin/clang" -cc1 -triple x86_64-apple-macosx11.0.0 -Wdeprecated-objc-isa-usage -Werror=deprecated-objc-isa-usage -Werror=implicit-function-declaration -emit-obj -mrelax-all -disable-free -disable-llvm-verifier -discard-value-names -main-file-name CMakeCCompilerABI.c -mrelocation-model pic -pic-level 2 -mthread-model posix -mframe-pointer=all -fno-strict-return -masm-verbose -munwind-tables -target-sdk-version=11.1 -target-cpu penryn -dwarf-column-info -debugger-tuning=lldb -target-linker-version 609.8 -v -resource-dir /Library/Developer/CommandLineTools/usr/lib/clang/12.0.0 -dependency-file CMakeFiles/cmTC_7b906.dir/CMakeCCompilerABI.c.o.d -skip-unused-modulemap-deps -MT CMakeFiles/cmTC_7b906.dir/CMakeCCompilerABI.c.o -sys-header-deps -isysroot /Library/Developer/CommandLineTools/SDKs/MacOSX11.1.sdk -internal-isystem /Library/Developer/CommandLineTools/SDKs/MacOSX11.1.sdk/usr/local/include -internal-isystem /Library/Developer/CommandLineTools/usr/lib/clang/12.0.0/include -internal-externc-isystem /Library/Developer/CommandLineTools/SDKs/MacOSX11.1.sdk/usr/include -internal-externc-isystem /Library/Developer/CommandLineTools/usr/include -Wno-reorder-init-list -Wno-implicit-int-float-conversion -Wno-c99-designator -Wno-final-dtor-non-final-class -Wno-extra-semi-stmt -Wno-misleading-indentation -Wno-quoted-include-in-framework-header -Wno-implicit-fallthrough -Wno-enum-enum-conversion -Wno-enum-float-conversion -fdebug-compilation-dir /Users/dameon0430/Documents/Dev/SFML/learno/build/CMakeFiles/CMakeTmp -ferror-limit 19 -fmessage-length 0 -stack-protector 1 -fstack-check -mdarwin-stkchk-strong-link -fblocks -fencode-extended-block-signature -fregister-global-dtors-with-atexit -fgnuc-version=4.2.1 -fobjc-runtime=macosx-11.0.0 -fmax-type-align=16 -fdiagnostics-show-option -o CMakeFiles/cmTC_7b906.dir/CMakeCCompilerABI.c.o -x c /usr/local/Cellar/cmake/3.20.0/share/cmake/Modules/CMakeCCompilerABI.c]
  ignore line: [clang -cc1 version 12.0.0 (clang-1200.0.32.29) default target x86_64-apple-darwin20.3.0]
  ignore line: [ignoring nonexistent directory "/Library/Developer/CommandLineTools/SDKs/MacOSX11.1.sdk/usr/local/include"]
  ignore line: [ignoring nonexistent directory "/Library/Developer/CommandLineTools/SDKs/MacOSX11.1.sdk/Library/Frameworks"]
  ignore line: [#include "..." search starts here:]
  ignore line: [#include <...> search starts here:]
  ignore line: [ /Library/Developer/CommandLineTools/usr/lib/clang/12.0.0/include]
  ignore line: [ /Library/Developer/CommandLineTools/SDKs/MacOSX11.1.sdk/usr/include]
  ignore line: [ /Library/Developer/CommandLineTools/usr/include]
  ignore line: [ /Library/Developer/CommandLineTools/SDKs/MacOSX11.1.sdk/System/Library/Frameworks (framework directory)]
  ignore line: [End of search list.]
  ignore line: [Linking C executable cmTC_7b906]
  ignore line: [/usr/local/Cellar/cmake/3.20.0/bin/cmake -E cmake_link_script CMakeFiles/cmTC_7b906.dir/link.txt --verbose=1]
  ignore line: [/usr/bin/clang  -isysroot /Library/Developer/CommandLineTools/SDKs/MacOSX11.1.sdk -Wl -search_paths_first -Wl -headerpad_max_install_names  -v -Wl -v CMakeFiles/cmTC_7b906.dir/CMakeCCompilerABI.c.o -o cmTC_7b906 ]
  ignore line: [Apple clang version 12.0.0 (clang-1200.0.32.29)]
  ignore line: [Target: x86_64-apple-darwin20.3.0]
  ignore line: [Thread model: posix]
  ignore line: [InstalledDir: /Library/Developer/CommandLineTools/usr/bin]
  link line: [ "/Library/Developer/CommandLineTools/usr/bin/ld" -demangle -lto_library /Library/Developer/CommandLineTools/usr/lib/libLTO.dylib -dynamic -arch x86_64 -platform_version macos 11.0.0 11.1 -syslibroot /Library/Developer/CommandLineTools/SDKs/MacOSX11.1.sdk -o cmTC_7b906 -search_paths_first -headerpad_max_install_names -v CMakeFiles/cmTC_7b906.dir/CMakeCCompilerABI.c.o -lSystem /Library/Developer/CommandLineTools/usr/lib/clang/12.0.0/lib/darwin/libclang_rt.osx.a]
    arg [/Library/Developer/CommandLineTools/usr/bin/ld] ==> ignore
    arg [-demangle] ==> ignore
    arg [-lto_library] ==> ignore, skip following value
    arg [/Library/Developer/CommandLineTools/usr/lib/libLTO.dylib] ==> skip value of -lto_library
    arg [-dynamic] ==> ignore
    arg [-arch] ==> ignore
    arg [x86_64] ==> ignore
    arg [-platform_version] ==> ignore
    arg [macos] ==> ignore
    arg [11.0.0] ==> ignore
    arg [11.1] ==> ignore
    arg [-syslibroot] ==> ignore
    arg [/Library/Developer/CommandLineTools/SDKs/MacOSX11.1.sdk] ==> ignore
    arg [-o] ==> ignore
    arg [cmTC_7b906] ==> ignore
    arg [-search_paths_first] ==> ignore
    arg [-headerpad_max_install_names] ==> ignore
    arg [-v] ==> ignore
    arg [CMakeFiles/cmTC_7b906.dir/CMakeCCompilerABI.c.o] ==> ignore
    arg [-lSystem] ==> lib [System]
    arg [/Library/Developer/CommandLineTools/usr/lib/clang/12.0.0/lib/darwin/libclang_rt.osx.a] ==> lib [/Library/Developer/CommandLineTools/usr/lib/clang/12.0.0/lib/darwin/libclang_rt.osx.a]
  Library search paths: [;/Library/Developer/CommandLineTools/SDKs/MacOSX11.1.sdk/usr/lib]
  Framework search paths: [;/Library/Developer/CommandLineTools/SDKs/MacOSX11.1.sdk/System/Library/Frameworks/]
  remove lib [System]
  remove lib [/Library/Developer/CommandLineTools/usr/lib/clang/12.0.0/lib/darwin/libclang_rt.osx.a]
  collapse library dir [/Library/Developer/CommandLineTools/SDKs/MacOSX11.1.sdk/usr/lib] ==> [/Library/Developer/CommandLineTools/SDKs/MacOSX11.1.sdk/usr/lib]
  collapse framework dir [/Library/Developer/CommandLineTools/SDKs/MacOSX11.1.sdk/System/Library/Frameworks/] ==> [/Library/Developer/CommandLineTools/SDKs/MacOSX11.1.sdk/System/Library/Frameworks]
  implicit libs: []
  implicit dirs: [/Library/Developer/CommandLineTools/SDKs/MacOSX11.1.sdk/usr/lib]
  implicit fwks: [/Library/Developer/CommandLineTools/SDKs/MacOSX11.1.sdk/System/Library/Frameworks]


Detecting CXX compiler ABI info compiled with the following output:
Change Dir: /Users/dameon0430/Documents/Dev/SFML/learno/build/CMakeFiles/CMakeTmp

Run Build Command(s):/usr/bin/make -f Makefile cmTC_a6c64/fast && /Library/Developer/CommandLineTools/usr/bin/make  -f CMakeFiles/cmTC_a6c64.dir/build.make CMakeFiles/cmTC_a6c64.dir/build
Building CXX object CMakeFiles/cmTC_a6c64.dir/CMakeCXXCompilerABI.cpp.o
/usr/bin/clang++   -isysroot /Library/Developer/CommandLineTools/SDKs/MacOSX11.1.sdk   -v -Wl,-v -MD -MT CMakeFiles/cmTC_a6c64.dir/CMakeCXXCompilerABI.cpp.o -MF CMakeFiles/cmTC_a6c64.dir/CMakeCXXCompilerABI.cpp.o.d -o CMakeFiles/cmTC_a6c64.dir/CMakeCXXCompilerABI.cpp.o -c /usr/local/Cellar/cmake/3.20.0/share/cmake/Modules/CMakeCXXCompilerABI.cpp
Apple clang version 12.0.0 (clang-1200.0.32.29)
Target: x86_64-apple-darwin20.3.0
Thread model: posix
InstalledDir: /Library/Developer/CommandLineTools/usr/bin
clang: warning: -Wl,-v: 'linker' input unused [-Wunused-command-line-argument]
ignoring nonexistent directory "/Library/Developer/CommandLineTools/SDKs/MacOSX11.1.sdk/usr/include/c++/v1"
 "/Library/Developer/CommandLineTools/usr/bin/clang" -cc1 -triple x86_64-apple-macosx11.0.0 -Wdeprecated-objc-isa-usage -Werror=deprecated-objc-isa-usage -Werror=implicit-function-declaration -emit-obj -mrelax-all -disable-free -disable-llvm-verifier -discard-value-names -main-file-name CMakeCXXCompilerABI.cpp -mrelocation-model pic -pic-level 2 -mthread-model posix -mframe-pointer=all -fno-strict-return -masm-verbose -munwind-tables -target-sdk-version=11.1 -target-cpu penryn -dwarf-column-info -debugger-tuning=lldb -target-linker-version 609.8 -v -resource-dir /Library/Developer/CommandLineTools/usr/lib/clang/12.0.0 -dependency-file CMakeFiles/cmTC_a6c64.dir/CMakeCXXCompilerABI.cpp.o.d -skip-unused-modulemap-deps -MT CMakeFiles/cmTC_a6c64.dir/CMakeCXXCompilerABI.cpp.o -sys-header-deps -isysroot /Library/Developer/CommandLineTools/SDKs/MacOSX11.1.sdk -stdlib=libc++ -internal-isystem /Library/Developer/CommandLineTools/usr/bin/../include/c++/v1 -internal-isystem /Library/Developer/CommandLineTools/SDKs/MacOSX11.1.sdk/usr/local/include -internal-isystem /Library/Developer/CommandLineTools/usr/lib/clang/12.0.0/include -internal-externc-isystem /Library/Developer/CommandLineTools/SDKs/MacOSX11.1.sdk/usr/include -internal-externc-isystem /Library/Developer/CommandLineTools/usr/include -Wno-reorder-init-list -Wno-implicit-int-float-conversion -Wno-c99-designator -Wno-final-dtor-non-final-class -Wno-extra-semi-stmt -Wno-misleading-indentation -Wno-quoted-include-in-framework-header -Wno-implicit-fallthrough -Wno-enum-enum-conversion -Wno-enum-float-conversion -fdeprecated-macro -fdebug-compilation-dir /Users/dameon0430/Documents/Dev/SFML/learno/build/CMakeFiles/CMakeTmp -ferror-limit 19 -fmessage-length 0 -stack-protector 1 -fstack-check -mdarwin-stkchk-strong-link -fblocks -fencode-extended-block-signature -fregister-global-dtors-with-atexit -fgnuc-version=4.2.1 -fobjc-runtime=macosx-11.0.0 -fcxx-exceptions -fexceptions -fmax-type-align=16 -fdiagnostics-show-option -o CMakeFiles/cmTC_a6c64.dir/CMakeCXXCompilerABI.cpp.o -x c++ /usr/local/Cellar/cmake/3.20.0/share/cmake/Modules/CMakeCXXCompilerABI.cpp
clang -cc1 version 12.0.0 (clang-1200.0.32.29) default target x86_64-apple-darwin20.3.0
ignoring nonexistent directory "/Library/Developer/CommandLineTools/SDKs/MacOSX11.1.sdk/usr/local/include"
ignoring nonexistent directory "/Library/Developer/CommandLineTools/SDKs/MacOSX11.1.sdk/Library/Frameworks"
#include "..." search starts here:
#include <...> search starts here:
 /Library/Developer/CommandLineTools/usr/bin/../include/c++/v1
 /Library/Developer/CommandLineTools/usr/lib/clang/12.0.0/include
 /Library/Developer/CommandLineTools/SDKs/MacOSX11.1.sdk/usr/include
 /Library/Developer/CommandLineTools/usr/include
 /Library/Developer/CommandLineTools/SDKs/MacOSX11.1.sdk/System/Library/Frameworks (framework directory)
End of search list.
Linking CXX executable cmTC_a6c64
/usr/local/Cellar/cmake/3.20.0/bin/cmake -E cmake_link_script CMakeFiles/cmTC_a6c64.dir/link.txt --verbose=1
/usr/bin/clang++  -isysroot /Library/Developer/CommandLineTools/SDKs/MacOSX11.1.sdk -Wl,-search_paths_first -Wl,-headerpad_max_install_names  -v -Wl,-v CMakeFiles/cmTC_a6c64.dir/CMakeCXXCompilerABI.cpp.o -o cmTC_a6c64 
Apple clang version 12.0.0 (clang-1200.0.32.29)
Target: x86_64-apple-darwin20.3.0
Thread model: posix
InstalledDir: /Library/Developer/CommandLineTools/usr/bin
 "/Library/Developer/CommandLineTools/usr/bin/ld" -demangle -lto_library /Library/Developer/CommandLineTools/usr/lib/libLTO.dylib -dynamic -arch x86_64 -platform_version macos 11.0.0 11.1 -syslibroot /Library/Developer/CommandLineTools/SDKs/MacOSX11.1.sdk -o cmTC_a6c64 -search_paths_first -headerpad_max_install_names -v CMakeFiles/cmTC_a6c64.dir/CMakeCXXCompilerABI.cpp.o -lc++ -lSystem /Library/Developer/CommandLineTools/usr/lib/clang/12.0.0/lib/darwin/libclang_rt.osx.a
@(#)PROGRAM:ld  PROJECT:ld64-609.8
BUILD 15:07:46 Dec 18 2020
configured to support archs: armv6 armv7 armv7s arm64 arm64e arm64_32 i386 x86_64 x86_64h armv6m armv7k armv7m armv7em
Library search paths:
	/Library/Developer/CommandLineTools/SDKs/MacOSX11.1.sdk/usr/lib
Framework search paths:
	/Library/Developer/CommandLineTools/SDKs/MacOSX11.1.sdk/System/Library/Frameworks/



Parsed CXX implicit include dir info from above output: rv=done
  found start of include info
  found start of implicit include info
    add: [/Library/Developer/CommandLineTools/usr/bin/../include/c++/v1]
    add: [/Library/Developer/CommandLineTools/usr/lib/clang/12.0.0/include]
    add: [/Library/Developer/CommandLineTools/SDKs/MacOSX11.1.sdk/usr/include]
    add: [/Library/Developer/CommandLineTools/usr/include]
  end of search list found
  collapse include dir [/Library/Developer/CommandLineTools/usr/bin/../include/c++/v1] ==> [/Library/Developer/CommandLineTools/usr/include/c++/v1]
  collapse include dir [/Library/Developer/CommandLineTools/usr/lib/clang/12.0.0/include] ==> [/Library/Developer/CommandLineTools/usr/lib/clang/12.0.0/include]
  collapse include dir [/Library/Developer/CommandLineTools/SDKs/MacOSX11.1.sdk/usr/include] ==> [/Library/Developer/CommandLineTools/SDKs/MacOSX11.1.sdk/usr/include]
  collapse include dir [/Library/Developer/CommandLineTools/usr/include] ==> [/Library/Developer/CommandLineTools/usr/include]
  implicit include dirs: [/Library/Developer/CommandLineTools/usr/include/c++/v1;/Library/Developer/CommandLineTools/usr/lib/clang/12.0.0/include;/Library/Developer/CommandLineTools/SDKs/MacOSX11.1.sdk/usr/include;/Library/Developer/CommandLineTools/usr/include]


Parsed CXX implicit link information from above output:
  link line regex: [^( *|.*[/\])(ld|CMAKE_LINK_STARTFILE-NOTFOUND|([^/\]+-)?ld|collect2)[^/\]*( |$)]
  ignore line: [Change Dir: /Users/dameon0430/Documents/Dev/SFML/learno/build/CMakeFiles/CMakeTmp]
  ignore line: []
  ignore line: [Run Build Command(s):/usr/bin/make -f Makefile cmTC_a6c64/fast && /Library/Developer/CommandLineTools/usr/bin/make  -f CMakeFiles/cmTC_a6c64.dir/build.make CMakeFiles/cmTC_a6c64.dir/build]
  ignore line: [Building CXX object CMakeFiles/cmTC_a6c64.dir/CMakeCXXCompilerABI.cpp.o]
  ignore line: [/usr/bin/clang++   -isysroot /Library/Developer/CommandLineTools/SDKs/MacOSX11.1.sdk   -v -Wl -v -MD -MT CMakeFiles/cmTC_a6c64.dir/CMakeCXXCompilerABI.cpp.o -MF CMakeFiles/cmTC_a6c64.dir/CMakeCXXCompilerABI.cpp.o.d -o CMakeFiles/cmTC_a6c64.dir/CMakeCXXCompilerABI.cpp.o -c /usr/local/Cellar/cmake/3.20.0/share/cmake/Modules/CMakeCXXCompilerABI.cpp]
  ignore line: [Apple clang version 12.0.0 (clang-1200.0.32.29)]
  ignore line: [Target: x86_64-apple-darwin20.3.0]
  ignore line: [Thread model: posix]
  ignore line: [InstalledDir: /Library/Developer/CommandLineTools/usr/bin]
  ignore line: [clang: warning: -Wl -v: 'linker' input unused [-Wunused-command-line-argument]]
  ignore line: [ignoring nonexistent directory "/Library/Developer/CommandLineTools/SDKs/MacOSX11.1.sdk/usr/include/c++/v1"]
  ignore line: [ "/Library/Developer/CommandLineTools/usr/bin/clang" -cc1 -triple x86_64-apple-macosx11.0.0 -Wdeprecated-objc-isa-usage -Werror=deprecated-objc-isa-usage -Werror=implicit-function-declaration -emit-obj -mrelax-all -disable-free -disable-llvm-verifier -discard-value-names -main-file-name CMakeCXXCompilerABI.cpp -mrelocation-model pic -pic-level 2 -mthread-model posix -mframe-pointer=all -fno-strict-return -masm-verbose -munwind-tables -target-sdk-version=11.1 -target-cpu penryn -dwarf-column-info -debugger-tuning=lldb -target-linker-version 609.8 -v -resource-dir /Library/Developer/CommandLineTools/usr/lib/clang/12.0.0 -dependency-file CMakeFiles/cmTC_a6c64.dir/CMakeCXXCompilerABI.cpp.o.d -skip-unused-modulemap-deps -MT CMakeFiles/cmTC_a6c64.dir/CMakeCXXCompilerABI.cpp.o -sys-header-deps -isysroot /Library/Developer/CommandLineTools/SDKs/MacOSX11.1.sdk -stdlib=libc++ -internal-isystem /Library/Developer/CommandLineTools/usr/bin/../include/c++/v1 -internal-isystem /Library/Developer/CommandLineTools/SDKs/MacOSX11.1.sdk/usr/local/include -internal-isystem /Library/Developer/CommandLineTools/usr/lib/clang/12.0.0/include -internal-externc-isystem /Library/Developer/CommandLineTools/SDKs/MacOSX11.1.sdk/usr/include -internal-externc-isystem /Library/Developer/CommandLineTools/usr/include -Wno-reorder-init-list -Wno-implicit-int-float-conversion -Wno-c99-designator -Wno-final-dtor-non-final-class -Wno-extra-semi-stmt -Wno-misleading-indentation -Wno-quoted-include-in-framework-header -Wno-implicit-fallthrough -Wno-enum-enum-conversion -Wno-enum-float-conversion -fdeprecated-macro -fdebug-compilation-dir /Users/dameon0430/Documents/Dev/SFML/learno/build/CMakeFiles/CMakeTmp -ferror-limit 19 -fmessage-length 0 -stack-protector 1 -fstack-check -mdarwin-stkchk-strong-link -fblocks -fencode-extended-block-signature -fregister-global-dtors-with-atexit -fgnuc-version=4.2.1 -fobjc-runtime=macosx-11.0.0 -fcxx-exceptions -fexceptions -fmax-type-align=16 -fdiagnostics-show-option -o CMakeFiles/cmTC_a6c64.dir/CMakeCXXCompilerABI.cpp.o -x c++ /usr/local/Cellar/cmake/3.20.0/share/cmake/Modules/CMakeCXXCompilerABI.cpp]
  ignore line: [clang -cc1 version 12.0.0 (clang-1200.0.32.29) default target x86_64-apple-darwin20.3.0]
  ignore line: [ignoring nonexistent directory "/Library/Developer/CommandLineTools/SDKs/MacOSX11.1.sdk/usr/local/include"]
  ignore line: [ignoring nonexistent directory "/Library/Developer/CommandLineTools/SDKs/MacOSX11.1.sdk/Library/Frameworks"]
  ignore line: [#include "..." search starts here:]
  ignore line: [#include <...> search starts here:]
  ignore line: [ /Library/Developer/CommandLineTools/usr/bin/../include/c++/v1]
  ignore line: [ /Library/Developer/CommandLineTools/usr/lib/clang/12.0.0/include]
  ignore line: [ /Library/Developer/CommandLineTools/SDKs/MacOSX11.1.sdk/usr/include]
  ignore line: [ /Library/Developer/CommandLineTools/usr/include]
  ignore line: [ /Library/Developer/CommandLineTools/SDKs/MacOSX11.1.sdk/System/Library/Frameworks (framework directory)]
  ignore line: [End of search list.]
  ignore line: [Linking CXX executable cmTC_a6c64]
  ignore line: [/usr/local/Cellar/cmake/3.20.0/bin/cmake -E cmake_link_script CMakeFiles/cmTC_a6c64.dir/link.txt --verbose=1]
  ignore line: [/usr/bin/clang++  -isysroot /Library/Developer/CommandLineTools/SDKs/MacOSX11.1.sdk -Wl -search_paths_first -Wl -headerpad_max_install_names  -v -Wl -v CMakeFiles/cmTC_a6c64.dir/CMakeCXXCompilerABI.cpp.o -o cmTC_a6c64 ]
  ignore line: [Apple clang version 12.0.0 (clang-1200.0.32.29)]
  ignore line: [Target: x86_64-apple-darwin20.3.0]
  ignore line: [Thread model: posix]
  ignore line: [InstalledDir: /Library/Developer/CommandLineTools/usr/bin]
  link line: [ "/Library/Developer/CommandLineTools/usr/bin/ld" -demangle -lto_library /Library/Developer/CommandLineTools/usr/lib/libLTO.dylib -dynamic -arch x86_64 -platform_version macos 11.0.0 11.1 -syslibroot /Library/Developer/CommandLineTools/SDKs/MacOSX11.1.sdk -o cmTC_a6c64 -search_paths_first -headerpad_max_install_names -v CMakeFiles/cmTC_a6c64.dir/CMakeCXXCompilerABI.cpp.o -lc++ -lSystem /Library/Developer/CommandLineTools/usr/lib/clang/12.0.0/lib/darwin/libclang_rt.osx.a]
    arg [/Library/Developer/CommandLineTools/usr/bin/ld] ==> ignore
    arg [-demangle] ==> ignore
    arg [-lto_library] ==> ignore, skip following value
    arg [/Library/Developer/CommandLineTools/usr/lib/libLTO.dylib] ==> skip value of -lto_library
    arg [-dynamic] ==> ignore
    arg [-arch] ==> ignore
    arg [x86_64] ==> ignore
    arg [-platform_version] ==> ignore
    arg [macos] ==> ignore
    arg [11.0.0] ==> ignore
    arg [11.1] ==> ignore
    arg [-syslibroot] ==> ignore
    arg [/Library/Developer/CommandLineTools/SDKs/MacOSX11.1.sdk] ==> ignore
    arg [-o] ==> ignore
    arg [cmTC_a6c64] ==> ignore
    arg [-search_paths_first] ==> ignore
    arg [-headerpad_max_install_names] ==> ignore
    arg [-v] ==> ignore
    arg [CMakeFiles/cmTC_a6c64.dir/CMakeCXXCompilerABI.cpp.o] ==> ignore
    arg [-lc++] ==> lib [c++]
    arg [-lSystem] ==> lib [System]
    arg [/Library/Developer/CommandLineTools/usr/lib/clang/12.0.0/lib/darwin/libclang_rt.osx.a] ==> lib [/Library/Developer/CommandLineTools/usr/lib/clang/12.0.0/lib/darwin/libclang_rt.osx.a]
  Library search paths: [;/Library/Developer/CommandLineTools/SDKs/MacOSX11.1.sdk/usr/lib]
  Framework search paths: [;/Library/Developer/CommandLineTools/SDKs/MacOSX11.1.sdk/System/Library/Frameworks/]
  remove lib [System]
  remove lib [/Library/Developer/CommandLineTools/usr/lib/clang/12.0.0/lib/darwin/libclang_rt.osx.a]
  collapse library dir [/Library/Developer/CommandLineTools/SDKs/MacOSX11.1.sdk/usr/lib] ==> [/Library/Developer/CommandLineTools/SDKs/MacOSX11.1.sdk/usr/lib]
  collapse framework dir [/Library/Developer/CommandLineTools/SDKs/MacOSX11.1.sdk/System/Library/Frameworks/] ==> [/Library/Developer/CommandLineTools/SDKs/MacOSX11.1.sdk/System/Library/Frameworks]
  implicit libs: [c++]
  implicit dirs: [/Library/Developer/CommandLineTools/SDKs/MacOSX11.1.sdk/usr/lib]
  implicit fwks: [/Library/Developer/CommandLineTools/SDKs/MacOSX11.1.sdk/System/Library/Frameworks]


Performing C++ SOURCE FILE Test EIGEN_COMPILER_SUPPORT_CPP11 succeeded with the following output:
Change Dir: /Users/dameon0430/Documents/Dev/SFML/learno/build/CMakeFiles/CMakeTmp

Run Build Command(s):/usr/bin/make -f Makefile cmTC_7901f/fast && /Library/Developer/CommandLineTools/usr/bin/make  -f CMakeFiles/cmTC_7901f.dir/build.make CMakeFiles/cmTC_7901f.dir/build
Building CXX object CMakeFiles/cmTC_7901f.dir/src.cxx.o
/usr/bin/clang++ -DEIGEN_COMPILER_SUPPORT_CPP11  -arch x86_64 -isysroot /Library/Developer/CommandLineTools/SDKs/MacOSX11.1.sdk   -std=c++11 -MD -MT CMakeFiles/cmTC_7901f.dir/src.cxx.o -MF CMakeFiles/cmTC_7901f.dir/src.cxx.o.d -o CMakeFiles/cmTC_7901f.dir/src.cxx.o -c /Users/dameon0430/Documents/Dev/SFML/learno/build/CMakeFiles/CMakeTmp/src.cxx
Linking CXX executable cmTC_7901f
/usr/local/Cellar/cmake/3.20.0/bin/cmake -E cmake_link_script CMakeFiles/cmTC_7901f.dir/link.txt --verbose=1
/usr/bin/clang++  -arch x86_64 -isysroot /Library/Developer/CommandLineTools/SDKs/MacOSX11.1.sdk -Wl,-search_paths_first -Wl,-headerpad_max_install_names CMakeFiles/cmTC_7901f.dir/src.cxx.o -o cmTC_7901f 


Source file was:
int main() { return 0; }
Performing C++ SOURCE FILE Test COMPILER_SUPPORT_std=cpp03 succeeded with the following output:
Change Dir: /Users/dameon0430/Documents/Dev/SFML/learno/build/CMakeFiles/CMakeTmp

Run Build Command(s):/usr/bin/make -f Makefile cmTC_a4beb/fast && /Library/Developer/CommandLineTools/usr/bin/make  -f CMakeFiles/cmTC_a4beb.dir/build.make CMakeFiles/cmTC_a4beb.dir/build
Building CXX object CMakeFiles/cmTC_a4beb.dir/src.cxx.o
/usr/bin/clang++ -DCOMPILER_SUPPORT_std=cpp03  -arch x86_64 -isysroot /Library/Developer/CommandLineTools/SDKs/MacOSX11.1.sdk   -std=c++03 -MD -MT CMakeFiles/cmTC_a4beb.dir/src.cxx.o -MF CMakeFiles/cmTC_a4beb.dir/src.cxx.o.d -o CMakeFiles/cmTC_a4beb.dir/src.cxx.o -c /Users/dameon0430/Documents/Dev/SFML/learno/build/CMakeFiles/CMakeTmp/src.cxx
Linking CXX executable cmTC_a4beb
/usr/local/Cellar/cmake/3.20.0/bin/cmake -E cmake_link_script CMakeFiles/cmTC_a4beb.dir/link.txt --verbose=1
/usr/bin/clang++  -arch x86_64 -isysroot /Library/Developer/CommandLineTools/SDKs/MacOSX11.1.sdk -Wl,-search_paths_first -Wl,-headerpad_max_install_names CMakeFiles/cmTC_a4beb.dir/src.cxx.o -o cmTC_a4beb 


Source file was:
int main() { return 0; }
Performing C++ SOURCE FILE Test standard_math_library_linked_to_automatically succeeded with the following output:
Change Dir: /Users/dameon0430/Documents/Dev/SFML/learno/build/CMakeFiles/CMakeTmp

Run Build Command(s):/usr/bin/make -f Makefile cmTC_afc6c/fast && /Library/Developer/CommandLineTools/usr/bin/make  -f CMakeFiles/cmTC_afc6c.dir/build.make CMakeFiles/cmTC_afc6c.dir/build
Building CXX object CMakeFiles/cmTC_afc6c.dir/src.cxx.o
/usr/bin/clang++ -Dstandard_math_library_linked_to_automatically  -std=c++03  -arch x86_64 -isysroot /Library/Developer/CommandLineTools/SDKs/MacOSX11.1.sdk -MD -MT CMakeFiles/cmTC_afc6c.dir/src.cxx.o -MF CMakeFiles/cmTC_afc6c.dir/src.cxx.o.d -o CMakeFiles/cmTC_afc6c.dir/src.cxx.o -c /Users/dameon0430/Documents/Dev/SFML/learno/build/CMakeFiles/CMakeTmp/src.cxx
Linking CXX executable cmTC_afc6c
/usr/local/Cellar/cmake/3.20.0/bin/cmake -E cmake_link_script CMakeFiles/cmTC_afc6c.dir/link.txt --verbose=1
/usr/bin/clang++  -std=c++03  -arch x86_64 -isysroot /Library/Developer/CommandLineTools/SDKs/MacOSX11.1.sdk -Wl,-search_paths_first -Wl,-headerpad_max_install_names CMakeFiles/cmTC_afc6c.dir/src.cxx.o -o cmTC_afc6c 


Source file was:

#include<cmath>
int main(int argc, char **){
  return int(std::sin(double(argc)) + std::log(double(argc)));
}
Performing C++ SOURCE FILE Test COMPILER_SUPPORT_WERROR succeeded with the following output:
Change Dir: /Users/dameon0430/Documents/Dev/SFML/learno/build/CMakeFiles/CMakeTmp

Run Build Command(s):/usr/bin/make -f Makefile cmTC_cdd40/fast && /Library/Developer/CommandLineTools/usr/bin/make  -f CMakeFiles/cmTC_cdd40.dir/build.make CMakeFiles/cmTC_cdd40.dir/build
Building CXX object CMakeFiles/cmTC_cdd40.dir/src.cxx.o
/usr/bin/clang++ -DCOMPILER_SUPPORT_WERROR  -std=c++03  -arch x86_64 -isysroot /Library/Developer/CommandLineTools/SDKs/MacOSX11.1.sdk   -Werror -MD -MT CMakeFiles/cmTC_cdd40.dir/src.cxx.o -MF CMakeFiles/cmTC_cdd40.dir/src.cxx.o.d -o CMakeFiles/cmTC_cdd40.dir/src.cxx.o -c /Users/dameon0430/Documents/Dev/SFML/learno/build/CMakeFiles/CMakeTmp/src.cxx
Linking CXX executable cmTC_cdd40
/usr/local/Cellar/cmake/3.20.0/bin/cmake -E cmake_link_script CMakeFiles/cmTC_cdd40.dir/link.txt --verbose=1
/usr/bin/clang++  -std=c++03  -arch x86_64 -isysroot /Library/Developer/CommandLineTools/SDKs/MacOSX11.1.sdk -Wl,-search_paths_first -Wl,-headerpad_max_install_names CMakeFiles/cmTC_cdd40.dir/src.cxx.o -o cmTC_cdd40 


Source file was:
int main() { return 0; }
Performing C++ SOURCE FILE Test COMPILER_SUPPORT_pedantic succeeded with the following output:
Change Dir: /Users/dameon0430/Documents/Dev/SFML/learno/build/CMakeFiles/CMakeTmp

Run Build Command(s):/usr/bin/make -f Makefile cmTC_93737/fast && /Library/Developer/CommandLineTools/usr/bin/make  -f CMakeFiles/cmTC_93737.dir/build.make CMakeFiles/cmTC_93737.dir/build
Building CXX object CMakeFiles/cmTC_93737.dir/src.cxx.o
/usr/bin/clang++ -DCOMPILER_SUPPORT_pedantic  -std=c++03 -Werror -arch x86_64 -isysroot /Library/Developer/CommandLineTools/SDKs/MacOSX11.1.sdk   -pedantic -MD -MT CMakeFiles/cmTC_93737.dir/src.cxx.o -MF CMakeFiles/cmTC_93737.dir/src.cxx.o.d -o CMakeFiles/cmTC_93737.dir/src.cxx.o -c /Users/dameon0430/Documents/Dev/SFML/learno/build/CMakeFiles/CMakeTmp/src.cxx
Linking CXX executable cmTC_93737
/usr/local/Cellar/cmake/3.20.0/bin/cmake -E cmake_link_script CMakeFiles/cmTC_93737.dir/link.txt --verbose=1
/usr/bin/clang++  -std=c++03 -Werror -arch x86_64 -isysroot /Library/Developer/CommandLineTools/SDKs/MacOSX11.1.sdk -Wl,-search_paths_first -Wl,-headerpad_max_install_names CMakeFiles/cmTC_93737.dir/src.cxx.o -o cmTC_93737 


Source file was:
int main() { return 0; }
Performing C++ SOURCE FILE Test COMPILER_SUPPORT_Wall succeeded with the following output:
Change Dir: /Users/dameon0430/Documents/Dev/SFML/learno/build/CMakeFiles/CMakeTmp

Run Build Command(s):/usr/bin/make -f Makefile cmTC_6da17/fast && /Library/Developer/CommandLineTools/usr/bin/make  -f CMakeFiles/cmTC_6da17.dir/build.make CMakeFiles/cmTC_6da17.dir/build
Building CXX object CMakeFiles/cmTC_6da17.dir/src.cxx.o
/usr/bin/clang++ -DCOMPILER_SUPPORT_Wall  -std=c++03 -pedantic -Werror -arch x86_64 -isysroot /Library/Developer/CommandLineTools/SDKs/MacOSX11.1.sdk   -Wall -MD -MT CMakeFiles/cmTC_6da17.dir/src.cxx.o -MF CMakeFiles/cmTC_6da17.dir/src.cxx.o.d -o CMakeFiles/cmTC_6da17.dir/src.cxx.o -c /Users/dameon0430/Documents/Dev/SFML/learno/build/CMakeFiles/CMakeTmp/src.cxx
Linking CXX executable cmTC_6da17
/usr/local/Cellar/cmake/3.20.0/bin/cmake -E cmake_link_script CMakeFiles/cmTC_6da17.dir/link.txt --verbose=1
/usr/bin/clang++  -std=c++03 -pedantic -Werror -arch x86_64 -isysroot /Library/Developer/CommandLineTools/SDKs/MacOSX11.1.sdk -Wl,-search_paths_first -Wl,-headerpad_max_install_names CMakeFiles/cmTC_6da17.dir/src.cxx.o -o cmTC_6da17 


Source file was:
int main() { return 0; }
Performing C++ SOURCE FILE Test COMPILER_SUPPORT_Wextra succeeded with the following output:
Change Dir: /Users/dameon0430/Documents/Dev/SFML/learno/build/CMakeFiles/CMakeTmp

Run Build Command(s):/usr/bin/make -f Makefile cmTC_23d5e/fast && /Library/Developer/CommandLineTools/usr/bin/make  -f CMakeFiles/cmTC_23d5e.dir/build.make CMakeFiles/cmTC_23d5e.dir/build
Building CXX object CMakeFiles/cmTC_23d5e.dir/src.cxx.o
/usr/bin/clang++ -DCOMPILER_SUPPORT_Wextra  -std=c++03 -pedantic -Wall -Werror -arch x86_64 -isysroot /Library/Developer/CommandLineTools/SDKs/MacOSX11.1.sdk   -Wextra -MD -MT CMakeFiles/cmTC_23d5e.dir/src.cxx.o -MF CMakeFiles/cmTC_23d5e.dir/src.cxx.o.d -o CMakeFiles/cmTC_23d5e.dir/src.cxx.o -c /Users/dameon0430/Documents/Dev/SFML/learno/build/CMakeFiles/CMakeTmp/src.cxx
Linking CXX executable cmTC_23d5e
/usr/local/Cellar/cmake/3.20.0/bin/cmake -E cmake_link_script CMakeFiles/cmTC_23d5e.dir/link.txt --verbose=1
/usr/bin/clang++  -std=c++03 -pedantic -Wall -Werror -arch x86_64 -isysroot /Library/Developer/CommandLineTools/SDKs/MacOSX11.1.sdk -Wl,-search_paths_first -Wl,-headerpad_max_install_names CMakeFiles/cmTC_23d5e.dir/src.cxx.o -o cmTC_23d5e 


Source file was:
int main() { return 0; }
Performing C++ SOURCE FILE Test COMPILER_SUPPORT_Wundef succeeded with the following output:
Change Dir: /Users/dameon0430/Documents/Dev/SFML/learno/build/CMakeFiles/CMakeTmp

Run Build Command(s):/usr/bin/make -f Makefile cmTC_b5b77/fast && /Library/Developer/CommandLineTools/usr/bin/make  -f CMakeFiles/cmTC_b5b77.dir/build.make CMakeFiles/cmTC_b5b77.dir/build
Building CXX object CMakeFiles/cmTC_b5b77.dir/src.cxx.o
/usr/bin/clang++ -DCOMPILER_SUPPORT_Wundef  -std=c++03 -pedantic -Wall -Wextra -Werror -arch x86_64 -isysroot /Library/Developer/CommandLineTools/SDKs/MacOSX11.1.sdk   -Wundef -MD -MT CMakeFiles/cmTC_b5b77.dir/src.cxx.o -MF CMakeFiles/cmTC_b5b77.dir/src.cxx.o.d -o CMakeFiles/cmTC_b5b77.dir/src.cxx.o -c /Users/dameon0430/Documents/Dev/SFML/learno/build/CMakeFiles/CMakeTmp/src.cxx
Linking CXX executable cmTC_b5b77
/usr/local/Cellar/cmake/3.20.0/bin/cmake -E cmake_link_script CMakeFiles/cmTC_b5b77.dir/link.txt --verbose=1
/usr/bin/clang++  -std=c++03 -pedantic -Wall -Wextra -Werror -arch x86_64 -isysroot /Library/Developer/CommandLineTools/SDKs/MacOSX11.1.sdk -Wl,-search_paths_first -Wl,-headerpad_max_install_names CMakeFiles/cmTC_b5b77.dir/src.cxx.o -o cmTC_b5b77 


Source file was:
int main() { return 0; }
Performing C++ SOURCE FILE Test COMPILER_SUPPORT_Wcastalign succeeded with the following output:
Change Dir: /Users/dameon0430/Documents/Dev/SFML/learno/build/CMakeFiles/CMakeTmp

Run Build Command(s):/usr/bin/make -f Makefile cmTC_7fed9/fast && /Library/Developer/CommandLineTools/usr/bin/make  -f CMakeFiles/cmTC_7fed9.dir/build.make CMakeFiles/cmTC_7fed9.dir/build
Building CXX object CMakeFiles/cmTC_7fed9.dir/src.cxx.o
/usr/bin/clang++ -DCOMPILER_SUPPORT_Wcastalign  -std=c++03 -pedantic -Wall -Wextra -Wundef -Werror -arch x86_64 -isysroot /Library/Developer/CommandLineTools/SDKs/MacOSX11.1.sdk   -Wcast-align -MD -MT CMakeFiles/cmTC_7fed9.dir/src.cxx.o -MF CMakeFiles/cmTC_7fed9.dir/src.cxx.o.d -o CMakeFiles/cmTC_7fed9.dir/src.cxx.o -c /Users/dameon0430/Documents/Dev/SFML/learno/build/CMakeFiles/CMakeTmp/src.cxx
Linking CXX executable cmTC_7fed9
/usr/local/Cellar/cmake/3.20.0/bin/cmake -E cmake_link_script CMakeFiles/cmTC_7fed9.dir/link.txt --verbose=1
/usr/bin/clang++  -std=c++03 -pedantic -Wall -Wextra -Wundef -Werror -arch x86_64 -isysroot /Library/Developer/CommandLineTools/SDKs/MacOSX11.1.sdk -Wl,-search_paths_first -Wl,-headerpad_max_install_names CMakeFiles/cmTC_7fed9.dir/src.cxx.o -o cmTC_7fed9 


Source file was:
int main() { return 0; }
Performing C++ SOURCE FILE Test COMPILER_SUPPORT_Wcharsubscripts succeeded with the following output:
Change Dir: /Users/dameon0430/Documents/Dev/SFML/learno/build/CMakeFiles/CMakeTmp

Run Build Command(s):/usr/bin/make -f Makefile cmTC_76824/fast && /Library/Developer/CommandLineTools/usr/bin/make  -f CMakeFiles/cmTC_76824.dir/build.make CMakeFiles/cmTC_76824.dir/build
Building CXX object CMakeFiles/cmTC_76824.dir/src.cxx.o
/usr/bin/clang++ -DCOMPILER_SUPPORT_Wcharsubscripts  -std=c++03 -pedantic -Wall -Wextra -Wundef -Wcast-align -Werror -arch x86_64 -isysroot /Library/Developer/CommandLineTools/SDKs/MacOSX11.1.sdk   -Wchar-subscripts -MD -MT CMakeFiles/cmTC_76824.dir/src.cxx.o -MF CMakeFiles/cmTC_76824.dir/src.cxx.o.d -o CMakeFiles/cmTC_76824.dir/src.cxx.o -c /Users/dameon0430/Documents/Dev/SFML/learno/build/CMakeFiles/CMakeTmp/src.cxx
Linking CXX executable cmTC_76824
/usr/local/Cellar/cmake/3.20.0/bin/cmake -E cmake_link_script CMakeFiles/cmTC_76824.dir/link.txt --verbose=1
/usr/bin/clang++  -std=c++03 -pedantic -Wall -Wextra -Wundef -Wcast-align -Werror -arch x86_64 -isysroot /Library/Developer/CommandLineTools/SDKs/MacOSX11.1.sdk -Wl,-search_paths_first -Wl,-headerpad_max_install_names CMakeFiles/cmTC_76824.dir/src.cxx.o -o cmTC_76824 


Source file was:
int main() { return 0; }
Performing C++ SOURCE FILE Test COMPILER_SUPPORT_Wnonvirtualdtor succeeded with the following output:
Change Dir: /Users/dameon0430/Documents/Dev/SFML/learno/build/CMakeFiles/CMakeTmp

Run Build Command(s):/usr/bin/make -f Makefile cmTC_521a4/fast && /Library/Developer/CommandLineTools/usr/bin/make  -f CMakeFiles/cmTC_521a4.dir/build.make CMakeFiles/cmTC_521a4.dir/build
Building CXX object CMakeFiles/cmTC_521a4.dir/src.cxx.o
/usr/bin/clang++ -DCOMPILER_SUPPORT_Wnonvirtualdtor  -std=c++03 -pedantic -Wall -Wextra -Wundef -Wcast-align -Wchar-subscripts -Werror -arch x86_64 -isysroot /Library/Developer/CommandLineTools/SDKs/MacOSX11.1.sdk   -Wnon-virtual-dtor -MD -MT CMakeFiles/cmTC_521a4.dir/src.cxx.o -MF CMakeFiles/cmTC_521a4.dir/src.cxx.o.d -o CMakeFiles/cmTC_521a4.dir/src.cxx.o -c /Users/dameon0430/Documents/Dev/SFML/learno/build/CMakeFiles/CMakeTmp/src.cxx
Linking CXX executable cmTC_521a4
/usr/local/Cellar/cmake/3.20.0/bin/cmake -E cmake_link_script CMakeFiles/cmTC_521a4.dir/link.txt --verbose=1
/usr/bin/clang++  -std=c++03 -pedantic -Wall -Wextra -Wundef -Wcast-align -Wchar-subscripts -Werror -arch x86_64 -isysroot /Library/Developer/CommandLineTools/SDKs/MacOSX11.1.sdk -Wl,-search_paths_first -Wl,-headerpad_max_install_names CMakeFiles/cmTC_521a4.dir/src.cxx.o -o cmTC_521a4 


Source file was:
int main() { return 0; }
Performing C++ SOURCE FILE Test COMPILER_SUPPORT_Wunusedlocaltypedefs succeeded with the following output:
Change Dir: /Users/dameon0430/Documents/Dev/SFML/learno/build/CMakeFiles/CMakeTmp

Run Build Command(s):/usr/bin/make -f Makefile cmTC_fca89/fast && /Library/Developer/CommandLineTools/usr/bin/make  -f CMakeFiles/cmTC_fca89.dir/build.make CMakeFiles/cmTC_fca89.dir/build
Building CXX object CMakeFiles/cmTC_fca89.dir/src.cxx.o
/usr/bin/clang++ -DCOMPILER_SUPPORT_Wunusedlocaltypedefs  -std=c++03 -pedantic -Wall -Wextra -Wundef -Wcast-align -Wchar-subscripts -Wnon-virtual-dtor -Werror -arch x86_64 -isysroot /Library/Developer/CommandLineTools/SDKs/MacOSX11.1.sdk   -Wunused-local-typedefs -MD -MT CMakeFiles/cmTC_fca89.dir/src.cxx.o -MF CMakeFiles/cmTC_fca89.dir/src.cxx.o.d -o CMakeFiles/cmTC_fca89.dir/src.cxx.o -c /Users/dameon0430/Documents/Dev/SFML/learno/build/CMakeFiles/CMakeTmp/src.cxx
Linking CXX executable cmTC_fca89
/usr/local/Cellar/cmake/3.20.0/bin/cmake -E cmake_link_script CMakeFiles/cmTC_fca89.dir/link.txt --verbose=1
/usr/bin/clang++  -std=c++03 -pedantic -Wall -Wextra -Wundef -Wcast-align -Wchar-subscripts -Wnon-virtual-dtor -Werror -arch x86_64 -isysroot /Library/Developer/CommandLineTools/SDKs/MacOSX11.1.sdk -Wl,-search_paths_first -Wl,-headerpad_max_install_names CMakeFiles/cmTC_fca89.dir/src.cxx.o -o cmTC_fca89 


Source file was:
int main() { return 0; }
Performing C++ SOURCE FILE Test COMPILER_SUPPORT_Wpointerarith succeeded with the following output:
Change Dir: /Users/dameon0430/Documents/Dev/SFML/learno/build/CMakeFiles/CMakeTmp

Run Build Command(s):/usr/bin/make -f Makefile cmTC_ee17d/fast && /Library/Developer/CommandLineTools/usr/bin/make  -f CMakeFiles/cmTC_ee17d.dir/build.make CMakeFiles/cmTC_ee17d.dir/build
Building CXX object CMakeFiles/cmTC_ee17d.dir/src.cxx.o
/usr/bin/clang++ -DCOMPILER_SUPPORT_Wpointerarith  -std=c++03 -pedantic -Wall -Wextra -Wundef -Wcast-align -Wchar-subscripts -Wnon-virtual-dtor -Wunused-local-typedefs -Werror -arch x86_64 -isysroot /Library/Developer/CommandLineTools/SDKs/MacOSX11.1.sdk   -Wpointer-arith -MD -MT CMakeFiles/cmTC_ee17d.dir/src.cxx.o -MF CMakeFiles/cmTC_ee17d.dir/src.cxx.o.d -o CMakeFiles/cmTC_ee17d.dir/src.cxx.o -c /Users/dameon0430/Documents/Dev/SFML/learno/build/CMakeFiles/CMakeTmp/src.cxx
Linking CXX executable cmTC_ee17d
/usr/local/Cellar/cmake/3.20.0/bin/cmake -E cmake_link_script CMakeFiles/cmTC_ee17d.dir/link.txt --verbose=1
/usr/bin/clang++  -std=c++03 -pedantic -Wall -Wextra -Wundef -Wcast-align -Wchar-subscripts -Wnon-virtual-dtor -Wunused-local-typedefs -Werror -arch x86_64 -isysroot /Library/Developer/CommandLineTools/SDKs/MacOSX11.1.sdk -Wl,-search_paths_first -Wl,-headerpad_max_install_names CMakeFiles/cmTC_ee17d.dir/src.cxx.o -o cmTC_ee17d 


Source file was:
int main() { return 0; }
Performing C++ SOURCE FILE Test COMPILER_SUPPORT_Wwritestrings succeeded with the following output:
Change Dir: /Users/dameon0430/Documents/Dev/SFML/learno/build/CMakeFiles/CMakeTmp

Run Build Command(s):/usr/bin/make -f Makefile cmTC_94b9b/fast && /Library/Developer/CommandLineTools/usr/bin/make  -f CMakeFiles/cmTC_94b9b.dir/build.make CMakeFiles/cmTC_94b9b.dir/build
Building CXX object CMakeFiles/cmTC_94b9b.dir/src.cxx.o
/usr/bin/clang++ -DCOMPILER_SUPPORT_Wwritestrings  -std=c++03 -pedantic -Wall -Wextra -Wundef -Wcast-align -Wchar-subscripts -Wnon-virtual-dtor -Wunused-local-typedefs -Wpointer-arith -Werror -arch x86_64 -isysroot /Library/Developer/CommandLineTools/SDKs/MacOSX11.1.sdk   -Wwrite-strings -MD -MT CMakeFiles/cmTC_94b9b.dir/src.cxx.o -MF CMakeFiles/cmTC_94b9b.dir/src.cxx.o.d -o CMakeFiles/cmTC_94b9b.dir/src.cxx.o -c /Users/dameon0430/Documents/Dev/SFML/learno/build/CMakeFiles/CMakeTmp/src.cxx
Linking CXX executable cmTC_94b9b
/usr/local/Cellar/cmake/3.20.0/bin/cmake -E cmake_link_script CMakeFiles/cmTC_94b9b.dir/link.txt --verbose=1
/usr/bin/clang++  -std=c++03 -pedantic -Wall -Wextra -Wundef -Wcast-align -Wchar-subscripts -Wnon-virtual-dtor -Wunused-local-typedefs -Wpointer-arith -Werror -arch x86_64 -isysroot /Library/Developer/CommandLineTools/SDKs/MacOSX11.1.sdk -Wl,-search_paths_first -Wl,-headerpad_max_install_names CMakeFiles/cmTC_94b9b.dir/src.cxx.o -o cmTC_94b9b 


Source file was:
int main() { return 0; }
Performing C++ SOURCE FILE Test COMPILER_SUPPORT_Wformatsecurity succeeded with the following output:
Change Dir: /Users/dameon0430/Documents/Dev/SFML/learno/build/CMakeFiles/CMakeTmp

Run Build Command(s):/usr/bin/make -f Makefile cmTC_fdad6/fast && /Library/Developer/CommandLineTools/usr/bin/make  -f CMakeFiles/cmTC_fdad6.dir/build.make CMakeFiles/cmTC_fdad6.dir/build
Building CXX object CMakeFiles/cmTC_fdad6.dir/src.cxx.o
/usr/bin/clang++ -DCOMPILER_SUPPORT_Wformatsecurity  -std=c++03 -pedantic -Wall -Wextra -Wundef -Wcast-align -Wchar-subscripts -Wnon-virtual-dtor -Wunused-local-typedefs -Wpointer-arith -Wwrite-strings -Werror -arch x86_64 -isysroot /Library/Developer/CommandLineTools/SDKs/MacOSX11.1.sdk   -Wformat-security -MD -MT CMakeFiles/cmTC_fdad6.dir/src.cxx.o -MF CMakeFiles/cmTC_fdad6.dir/src.cxx.o.d -o CMakeFiles/cmTC_fdad6.dir/src.cxx.o -c /Users/dameon0430/Documents/Dev/SFML/learno/build/CMakeFiles/CMakeTmp/src.cxx
Linking CXX executable cmTC_fdad6
/usr/local/Cellar/cmake/3.20.0/bin/cmake -E cmake_link_script CMakeFiles/cmTC_fdad6.dir/link.txt --verbose=1
/usr/bin/clang++  -std=c++03 -pedantic -Wall -Wextra -Wundef -Wcast-align -Wchar-subscripts -Wnon-virtual-dtor -Wunused-local-typedefs -Wpointer-arith -Wwrite-strings -Werror -arch x86_64 -isysroot /Library/Developer/CommandLineTools/SDKs/MacOSX11.1.sdk -Wl,-search_paths_first -Wl,-headerpad_max_install_names CMakeFiles/cmTC_fdad6.dir/src.cxx.o -o cmTC_fdad6 


Source file was:
int main() { return 0; }
Performing C++ SOURCE FILE Test COMPILER_SUPPORT_Wshorten64to32 succeeded with the following output:
Change Dir: /Users/dameon0430/Documents/Dev/SFML/learno/build/CMakeFiles/CMakeTmp

Run Build Command(s):/usr/bin/make -f Makefile cmTC_19185/fast && /Library/Developer/CommandLineTools/usr/bin/make  -f CMakeFiles/cmTC_19185.dir/build.make CMakeFiles/cmTC_19185.dir/build
Building CXX object CMakeFiles/cmTC_19185.dir/src.cxx.o
/usr/bin/clang++ -DCOMPILER_SUPPORT_Wshorten64to32  -std=c++03 -pedantic -Wall -Wextra -Wundef -Wcast-align -Wchar-subscripts -Wnon-virtual-dtor -Wunused-local-typedefs -Wpointer-arith -Wwrite-strings -Wformat-security -Werror -arch x86_64 -isysroot /Library/Developer/CommandLineTools/SDKs/MacOSX11.1.sdk   -Wshorten-64-to-32 -MD -MT CMakeFiles/cmTC_19185.dir/src.cxx.o -MF CMakeFiles/cmTC_19185.dir/src.cxx.o.d -o CMakeFiles/cmTC_19185.dir/src.cxx.o -c /Users/dameon0430/Documents/Dev/SFML/learno/build/CMakeFiles/CMakeTmp/src.cxx
Linking CXX executable cmTC_19185
/usr/local/Cellar/cmake/3.20.0/bin/cmake -E cmake_link_script CMakeFiles/cmTC_19185.dir/link.txt --verbose=1
/usr/bin/clang++  -std=c++03 -pedantic -Wall -Wextra -Wundef -Wcast-align -Wchar-subscripts -Wnon-virtual-dtor -Wunused-local-typedefs -Wpointer-arith -Wwrite-strings -Wformat-security -Werror -arch x86_64 -isysroot /Library/Developer/CommandLineTools/SDKs/MacOSX11.1.sdk -Wl,-search_paths_first -Wl,-headerpad_max_install_names CMakeFiles/cmTC_19185.dir/src.cxx.o -o cmTC_19185 


Source file was:
int main() { return 0; }
Performing C++ SOURCE FILE Test COMPILER_SUPPORT_Wenumconversion succeeded with the following output:
Change Dir: /Users/dameon0430/Documents/Dev/SFML/learno/build/CMakeFiles/CMakeTmp

Run Build Command(s):/usr/bin/make -f Makefile cmTC_ba118/fast && /Library/Developer/CommandLineTools/usr/bin/make  -f CMakeFiles/cmTC_ba118.dir/build.make CMakeFiles/cmTC_ba118.dir/build
Building CXX object CMakeFiles/cmTC_ba118.dir/src.cxx.o
/usr/bin/clang++ -DCOMPILER_SUPPORT_Wenumconversion  -std=c++03 -pedantic -Wall -Wextra -Wundef -Wcast-align -Wchar-subscripts -Wnon-virtual-dtor -Wunused-local-typedefs -Wpointer-arith -Wwrite-strings -Wformat-security -Wshorten-64-to-32 -Werror -arch x86_64 -isysroot /Library/Developer/CommandLineTools/SDKs/MacOSX11.1.sdk   -Wenum-conversion -MD -MT CMakeFiles/cmTC_ba118.dir/src.cxx.o -MF CMakeFiles/cmTC_ba118.dir/src.cxx.o.d -o CMakeFiles/cmTC_ba118.dir/src.cxx.o -c /Users/dameon0430/Documents/Dev/SFML/learno/build/CMakeFiles/CMakeTmp/src.cxx
Linking CXX executable cmTC_ba118
/usr/local/Cellar/cmake/3.20.0/bin/cmake -E cmake_link_script CMakeFiles/cmTC_ba118.dir/link.txt --verbose=1
/usr/bin/clang++  -std=c++03 -pedantic -Wall -Wextra -Wundef -Wcast-align -Wchar-subscripts -Wnon-virtual-dtor -Wunused-local-typedefs -Wpointer-arith -Wwrite-strings -Wformat-security -Wshorten-64-to-32 -Werror -arch x86_64 -isysroot /Library/Developer/CommandLineTools/SDKs/MacOSX11.1.sdk -Wl,-search_paths_first -Wl,-headerpad_max_install_names CMakeFiles/cmTC_ba118.dir/src.cxx.o -o cmTC_ba118 


Source file was:
int main() { return 0; }
Performing C++ SOURCE FILE Test COMPILER_SUPPORT_Wcpp11extensions succeeded with the following output:
Change Dir: /Users/dameon0430/Documents/Dev/SFML/learno/build/CMakeFiles/CMakeTmp

Run Build Command(s):/usr/bin/make -f Makefile cmTC_440af/fast && /Library/Developer/CommandLineTools/usr/bin/make  -f CMakeFiles/cmTC_440af.dir/build.make CMakeFiles/cmTC_440af.dir/build
Building CXX object CMakeFiles/cmTC_440af.dir/src.cxx.o
/usr/bin/clang++ -DCOMPILER_SUPPORT_Wcpp11extensions  -std=c++03 -pedantic -Wall -Wextra -Wundef -Wcast-align -Wchar-subscripts -Wnon-virtual-dtor -Wunused-local-typedefs -Wpointer-arith -Wwrite-strings -Wformat-security -Wshorten-64-to-32 -Wenum-conversion -Werror -arch x86_64 -isysroot /Library/Developer/CommandLineTools/SDKs/MacOSX11.1.sdk   -Wc++11-extensions -MD -MT CMakeFiles/cmTC_440af.dir/src.cxx.o -MF CMakeFiles/cmTC_440af.dir/src.cxx.o.d -o CMakeFiles/cmTC_440af.dir/src.cxx.o -c /Users/dameon0430/Documents/Dev/SFML/learno/build/CMakeFiles/CMakeTmp/src.cxx
Linking CXX executable cmTC_440af
/usr/local/Cellar/cmake/3.20.0/bin/cmake -E cmake_link_script CMakeFiles/cmTC_440af.dir/link.txt --verbose=1
/usr/bin/clang++  -std=c++03 -pedantic -Wall -Wextra -Wundef -Wcast-align -Wchar-subscripts -Wnon-virtual-dtor -Wunused-local-typedefs -Wpointer-arith -Wwrite-strings -Wformat-security -Wshorten-64-to-32 -Wenum-conversion -Werror -arch x86_64 -isysroot /Library/Developer/CommandLineTools/SDKs/MacOSX11.1.sdk -Wl,-search_paths_first -Wl,-headerpad_max_install_names CMakeFiles/cmTC_440af.dir/src.cxx.o -o cmTC_440af 


Source file was:
int main() { return 0; }
Performing C++ SOURCE FILE Test COMPILER_SUPPORT_Wdoublepromotion succeeded with the following output:
Change Dir: /Users/dameon0430/Documents/Dev/SFML/learno/build/CMakeFiles/CMakeTmp

Run Build Command(s):/usr/bin/make -f Makefile cmTC_dd8ff/fast && /Library/Developer/CommandLineTools/usr/bin/make  -f CMakeFiles/cmTC_dd8ff.dir/build.make CMakeFiles/cmTC_dd8ff.dir/build
Building CXX object CMakeFiles/cmTC_dd8ff.dir/src.cxx.o
/usr/bin/clang++ -DCOMPILER_SUPPORT_Wdoublepromotion  -std=c++03 -pedantic -Wall -Wextra -Wundef -Wcast-align -Wchar-subscripts -Wnon-virtual-dtor -Wunused-local-typedefs -Wpointer-arith -Wwrite-strings -Wformat-security -Wshorten-64-to-32 -Wenum-conversion -Wc++11-extensions -Werror -arch x86_64 -isysroot /Library/Developer/CommandLineTools/SDKs/MacOSX11.1.sdk   -Wdouble-promotion -MD -MT CMakeFiles/cmTC_dd8ff.dir/src.cxx.o -MF CMakeFiles/cmTC_dd8ff.dir/src.cxx.o.d -o CMakeFiles/cmTC_dd8ff.dir/src.cxx.o -c /Users/dameon0430/Documents/Dev/SFML/learno/build/CMakeFiles/CMakeTmp/src.cxx
Linking CXX executable cmTC_dd8ff
/usr/local/Cellar/cmake/3.20.0/bin/cmake -E cmake_link_script CMakeFiles/cmTC_dd8ff.dir/link.txt --verbose=1
/usr/bin/clang++  -std=c++03 -pedantic -Wall -Wextra -Wundef -Wcast-align -Wchar-subscripts -Wnon-virtual-dtor -Wunused-local-typedefs -Wpointer-arith -Wwrite-strings -Wformat-security -Wshorten-64-to-32 -Wenum-conversion -Wc++11-extensions -Werror -arch x86_64 -isysroot /Library/Developer/CommandLineTools/SDKs/MacOSX11.1.sdk -Wl,-search_paths_first -Wl,-headerpad_max_install_names CMakeFiles/cmTC_dd8ff.dir/src.cxx.o -o cmTC_dd8ff 


Source file was:
int main() { return 0; }
Performing C++ SOURCE FILE Test COMPILER_SUPPORT_Wshadow succeeded with the following output:
Change Dir: /Users/dameon0430/Documents/Dev/SFML/learno/build/CMakeFiles/CMakeTmp

Run Build Command(s):/usr/bin/make -f Makefile cmTC_7845c/fast && /Library/Developer/CommandLineTools/usr/bin/make  -f CMakeFiles/cmTC_7845c.dir/build.make CMakeFiles/cmTC_7845c.dir/build
Building CXX object CMakeFiles/cmTC_7845c.dir/src.cxx.o
/usr/bin/clang++ -DCOMPILER_SUPPORT_Wshadow  -std=c++03 -pedantic -Wall -Wextra -Wundef -Wcast-align -Wchar-subscripts -Wnon-virtual-dtor -Wunused-local-typedefs -Wpointer-arith -Wwrite-strings -Wformat-security -Wshorten-64-to-32 -Wenum-conversion -Wc++11-extensions -Wdouble-promotion -Werror -arch x86_64 -isysroot /Library/Developer/CommandLineTools/SDKs/MacOSX11.1.sdk   -Wshadow -MD -MT CMakeFiles/cmTC_7845c.dir/src.cxx.o -MF CMakeFiles/cmTC_7845c.dir/src.cxx.o.d -o CMakeFiles/cmTC_7845c.dir/src.cxx.o -c /Users/dameon0430/Documents/Dev/SFML/learno/build/CMakeFiles/CMakeTmp/src.cxx
Linking CXX executable cmTC_7845c
/usr/local/Cellar/cmake/3.20.0/bin/cmake -E cmake_link_script CMakeFiles/cmTC_7845c.dir/link.txt --verbose=1
/usr/bin/clang++  -std=c++03 -pedantic -Wall -Wextra -Wundef -Wcast-align -Wchar-subscripts -Wnon-virtual-dtor -Wunused-local-typedefs -Wpointer-arith -Wwrite-strings -Wformat-security -Wshorten-64-to-32 -Wenum-conversion -Wc++11-extensions -Wdouble-promotion -Werror -arch x86_64 -isysroot /Library/Developer/CommandLineTools/SDKs/MacOSX11.1.sdk -Wl,-search_paths_first -Wl,-headerpad_max_install_names CMakeFiles/cmTC_7845c.dir/src.cxx.o -o cmTC_7845c 


Source file was:
int main() { return 0; }
Performing C++ SOURCE FILE Test COMPILER_SUPPORT_Wnovariadicmacros succeeded with the following output:
Change Dir: /Users/dameon0430/Documents/Dev/SFML/learno/build/CMakeFiles/CMakeTmp

Run Build Command(s):/usr/bin/make -f Makefile cmTC_13243/fast && /Library/Developer/CommandLineTools/usr/bin/make  -f CMakeFiles/cmTC_13243.dir/build.make CMakeFiles/cmTC_13243.dir/build
Building CXX object CMakeFiles/cmTC_13243.dir/src.cxx.o
/usr/bin/clang++ -DCOMPILER_SUPPORT_Wnovariadicmacros  -std=c++03 -pedantic -Wall -Wextra -Wundef -Wcast-align -Wchar-subscripts -Wnon-virtual-dtor -Wunused-local-typedefs -Wpointer-arith -Wwrite-strings -Wformat-security -Wshorten-64-to-32 -Wenum-conversion -Wc++11-extensions -Wdouble-promotion -Wshadow -Werror -arch x86_64 -isysroot /Library/Developer/CommandLineTools/SDKs/MacOSX11.1.sdk   -Wno-variadic-macros -MD -MT CMakeFiles/cmTC_13243.dir/src.cxx.o -MF CMakeFiles/cmTC_13243.dir/src.cxx.o.d -o CMakeFiles/cmTC_13243.dir/src.cxx.o -c /Users/dameon0430/Documents/Dev/SFML/learno/build/CMakeFiles/CMakeTmp/src.cxx
Linking CXX executable cmTC_13243
/usr/local/Cellar/cmake/3.20.0/bin/cmake -E cmake_link_script CMakeFiles/cmTC_13243.dir/link.txt --verbose=1
/usr/bin/clang++  -std=c++03 -pedantic -Wall -Wextra -Wundef -Wcast-align -Wchar-subscripts -Wnon-virtual-dtor -Wunused-local-typedefs -Wpointer-arith -Wwrite-strings -Wformat-security -Wshorten-64-to-32 -Wenum-conversion -Wc++11-extensions -Wdouble-promotion -Wshadow -Werror -arch x86_64 -isysroot /Library/Developer/CommandLineTools/SDKs/MacOSX11.1.sdk -Wl,-search_paths_first -Wl,-headerpad_max_install_names CMakeFiles/cmTC_13243.dir/src.cxx.o -o cmTC_13243 


Source file was:
int main() { return 0; }
Performing C++ SOURCE FILE Test COMPILER_SUPPORT_Wnolonglong succeeded with the following output:
Change Dir: /Users/dameon0430/Documents/Dev/SFML/learno/build/CMakeFiles/CMakeTmp

Run Build Command(s):/usr/bin/make -f Makefile cmTC_b48ff/fast && /Library/Developer/CommandLineTools/usr/bin/make  -f CMakeFiles/cmTC_b48ff.dir/build.make CMakeFiles/cmTC_b48ff.dir/build
Building CXX object CMakeFiles/cmTC_b48ff.dir/src.cxx.o
/usr/bin/clang++ -DCOMPILER_SUPPORT_Wnolonglong  -std=c++03 -pedantic -Wall -Wextra -Wundef -Wcast-align -Wchar-subscripts -Wnon-virtual-dtor -Wunused-local-typedefs -Wpointer-arith -Wwrite-strings -Wformat-security -Wshorten-64-to-32 -Wenum-conversion -Wc++11-extensions -Wdouble-promotion -Wshadow -Wno-variadic-macros -Werror -arch x86_64 -isysroot /Library/Developer/CommandLineTools/SDKs/MacOSX11.1.sdk   -Wno-long-long -MD -MT CMakeFiles/cmTC_b48ff.dir/src.cxx.o -MF CMakeFiles/cmTC_b48ff.dir/src.cxx.o.d -o CMakeFiles/cmTC_b48ff.dir/src.cxx.o -c /Users/dameon0430/Documents/Dev/SFML/learno/build/CMakeFiles/CMakeTmp/src.cxx
Linking CXX executable cmTC_b48ff
/usr/local/Cellar/cmake/3.20.0/bin/cmake -E cmake_link_script CMakeFiles/cmTC_b48ff.dir/link.txt --verbose=1
/usr/bin/clang++  -std=c++03 -pedantic -Wall -Wextra -Wundef -Wcast-align -Wchar-subscripts -Wnon-virtual-dtor -Wunused-local-typedefs -Wpointer-arith -Wwrite-strings -Wformat-security -Wshorten-64-to-32 -Wenum-conversion -Wc++11-extensions -Wdouble-promotion -Wshadow -Wno-variadic-macros -Werror -arch x86_64 -isysroot /Library/Developer/CommandLineTools/SDKs/MacOSX11.1.sdk -Wl,-search_paths_first -Wl,-headerpad_max_install_names CMakeFiles/cmTC_b48ff.dir/src.cxx.o -o cmTC_b48ff 


Source file was:
int main() { return 0; }
Performing C++ SOURCE FILE Test COMPILER_SUPPORT_fnochecknew succeeded with the following output:
Change Dir: /Users/dameon0430/Documents/Dev/SFML/learno/build/CMakeFiles/CMakeTmp

Run Build Command(s):/usr/bin/make -f Makefile cmTC_47707/fast && /Library/Developer/CommandLineTools/usr/bin/make  -f CMakeFiles/cmTC_47707.dir/build.make CMakeFiles/cmTC_47707.dir/build
Building CXX object CMakeFiles/cmTC_47707.dir/src.cxx.o
/usr/bin/clang++ -DCOMPILER_SUPPORT_fnochecknew  -std=c++03 -pedantic -Wall -Wextra -Wundef -Wcast-align -Wchar-subscripts -Wnon-virtual-dtor -Wunused-local-typedefs -Wpointer-arith -Wwrite-strings -Wformat-security -Wshorten-64-to-32 -Wenum-conversion -Wc++11-extensions -Wdouble-promotion -Wshadow -Wno-variadic-macros -Wno-long-long -Werror -arch x86_64 -isysroot /Library/Developer/CommandLineTools/SDKs/MacOSX11.1.sdk   -fno-check-new -MD -MT CMakeFiles/cmTC_47707.dir/src.cxx.o -MF CMakeFiles/cmTC_47707.dir/src.cxx.o.d -o CMakeFiles/cmTC_47707.dir/src.cxx.o -c /Users/dameon0430/Documents/Dev/SFML/learno/build/CMakeFiles/CMakeTmp/src.cxx
Linking CXX executable cmTC_47707
/usr/local/Cellar/cmake/3.20.0/bin/cmake -E cmake_link_script CMakeFiles/cmTC_47707.dir/link.txt --verbose=1
/usr/bin/clang++  -std=c++03 -pedantic -Wall -Wextra -Wundef -Wcast-align -Wchar-subscripts -Wnon-virtual-dtor -Wunused-local-typedefs -Wpointer-arith -Wwrite-strings -Wformat-security -Wshorten-64-to-32 -Wenum-conversion -Wc++11-extensions -Wdouble-promotion -Wshadow -Wno-variadic-macros -Wno-long-long -Werror -arch x86_64 -isysroot /Library/Developer/CommandLineTools/SDKs/MacOSX11.1.sdk -Wl,-search_paths_first -Wl,-headerpad_max_install_names CMakeFiles/cmTC_47707.dir/src.cxx.o -o cmTC_47707 


Source file was:
int main() { return 0; }
Performing C++ SOURCE FILE Test COMPILER_SUPPORT_fnocommon succeeded with the following output:
Change Dir: /Users/dameon0430/Documents/Dev/SFML/learno/build/CMakeFiles/CMakeTmp

Run Build Command(s):/usr/bin/make -f Makefile cmTC_b2bc7/fast && /Library/Developer/CommandLineTools/usr/bin/make  -f CMakeFiles/cmTC_b2bc7.dir/build.make CMakeFiles/cmTC_b2bc7.dir/build
Building CXX object CMakeFiles/cmTC_b2bc7.dir/src.cxx.o
/usr/bin/clang++ -DCOMPILER_SUPPORT_fnocommon  -std=c++03 -pedantic -Wall -Wextra -Wundef -Wcast-align -Wchar-subscripts -Wnon-virtual-dtor -Wunused-local-typedefs -Wpointer-arith -Wwrite-strings -Wformat-security -Wshorten-64-to-32 -Wenum-conversion -Wc++11-extensions -Wdouble-promotion -Wshadow -Wno-variadic-macros -Wno-long-long -fno-check-new -Werror -arch x86_64 -isysroot /Library/Developer/CommandLineTools/SDKs/MacOSX11.1.sdk   -fno-common -MD -MT CMakeFiles/cmTC_b2bc7.dir/src.cxx.o -MF CMakeFiles/cmTC_b2bc7.dir/src.cxx.o.d -o CMakeFiles/cmTC_b2bc7.dir/src.cxx.o -c /Users/dameon0430/Documents/Dev/SFML/learno/build/CMakeFiles/CMakeTmp/src.cxx
Linking CXX executable cmTC_b2bc7
/usr/local/Cellar/cmake/3.20.0/bin/cmake -E cmake_link_script CMakeFiles/cmTC_b2bc7.dir/link.txt --verbose=1
/usr/bin/clang++  -std=c++03 -pedantic -Wall -Wextra -Wundef -Wcast-align -Wchar-subscripts -Wnon-virtual-dtor -Wunused-local-typedefs -Wpointer-arith -Wwrite-strings -Wformat-security -Wshorten-64-to-32 -Wenum-conversion -Wc++11-extensions -Wdouble-promotion -Wshadow -Wno-variadic-macros -Wno-long-long -fno-check-new -Werror -arch x86_64 -isysroot /Library/Developer/CommandLineTools/SDKs/MacOSX11.1.sdk -Wl,-search_paths_first -Wl,-headerpad_max_install_names CMakeFiles/cmTC_b2bc7.dir/src.cxx.o -o cmTC_b2bc7 


Source file was:
int main() { return 0; }
Performing C++ SOURCE FILE Test COMPILER_SUPPORT_fstrictaliasing succeeded with the following output:
Change Dir: /Users/dameon0430/Documents/Dev/SFML/learno/build/CMakeFiles/CMakeTmp

Run Build Command(s):/usr/bin/make -f Makefile cmTC_26bbe/fast && /Library/Developer/CommandLineTools/usr/bin/make  -f CMakeFiles/cmTC_26bbe.dir/build.make CMakeFiles/cmTC_26bbe.dir/build
Building CXX object CMakeFiles/cmTC_26bbe.dir/src.cxx.o
/usr/bin/clang++ -DCOMPILER_SUPPORT_fstrictaliasing  -std=c++03 -pedantic -Wall -Wextra -Wundef -Wcast-align -Wchar-subscripts -Wnon-virtual-dtor -Wunused-local-typedefs -Wpointer-arith -Wwrite-strings -Wformat-security -Wshorten-64-to-32 -Wenum-conversion -Wc++11-extensions -Wdouble-promotion -Wshadow -Wno-variadic-macros -Wno-long-long -fno-check-new -fno-common -Werror -arch x86_64 -isysroot /Library/Developer/CommandLineTools/SDKs/MacOSX11.1.sdk   -fstrict-aliasing -MD -MT CMakeFiles/cmTC_26bbe.dir/src.cxx.o -MF CMakeFiles/cmTC_26bbe.dir/src.cxx.o.d -o CMakeFiles/cmTC_26bbe.dir/src.cxx.o -c /Users/dameon0430/Documents/Dev/SFML/learno/build/CMakeFiles/CMakeTmp/src.cxx
Linking CXX executable cmTC_26bbe
/usr/local/Cellar/cmake/3.20.0/bin/cmake -E cmake_link_script CMakeFiles/cmTC_26bbe.dir/link.txt --verbose=1
/usr/bin/clang++  -std=c++03 -pedantic -Wall -Wextra -Wundef -Wcast-align -Wchar-subscripts -Wnon-virtual-dtor -Wunused-local-typedefs -Wpointer-arith -Wwrite-strings -Wformat-security -Wshorten-64-to-32 -Wenum-conversion -Wc++11-extensions -Wdouble-promotion -Wshadow -Wno-variadic-macros -Wno-long-long -fno-check-new -fno-common -Werror -arch x86_64 -isysroot /Library/Developer/CommandLineTools/SDKs/MacOSX11.1.sdk -Wl,-search_paths_first -Wl,-headerpad_max_install_names CMakeFiles/cmTC_26bbe.dir/src.cxx.o -o cmTC_26bbe 


Source file was:
int main() { return 0; }
Performing C++ SOURCE FILE Test COMPILER_SUPPORT_Qunusedarguments succeeded with the following output:
Change Dir: /Users/dameon0430/Documents/Dev/SFML/learno/build/CMakeFiles/CMakeTmp

Run Build Command(s):/usr/bin/make -f Makefile cmTC_1c11d/fast && /Library/Developer/CommandLineTools/usr/bin/make  -f CMakeFiles/cmTC_1c11d.dir/build.make CMakeFiles/cmTC_1c11d.dir/build
Building CXX object CMakeFiles/cmTC_1c11d.dir/src.cxx.o
/usr/bin/clang++ -DCOMPILER_SUPPORT_Qunusedarguments  -std=c++03 -pedantic -Wall -Wextra -Wundef -Wcast-align -Wchar-subscripts -Wnon-virtual-dtor -Wunused-local-typedefs -Wpointer-arith -Wwrite-strings -Wformat-security -Wshorten-64-to-32 -Wenum-conversion -Wc++11-extensions -Wdouble-promotion -Wshadow -Wno-variadic-macros -Wno-long-long -fno-check-new -fno-common -fstrict-aliasing -Werror -arch x86_64 -isysroot /Library/Developer/CommandLineTools/SDKs/MacOSX11.1.sdk   -Qunused-arguments -MD -MT CMakeFiles/cmTC_1c11d.dir/src.cxx.o -MF CMakeFiles/cmTC_1c11d.dir/src.cxx.o.d -o CMakeFiles/cmTC_1c11d.dir/src.cxx.o -c /Users/dameon0430/Documents/Dev/SFML/learno/build/CMakeFiles/CMakeTmp/src.cxx
Linking CXX executable cmTC_1c11d
/usr/local/Cellar/cmake/3.20.0/bin/cmake -E cmake_link_script CMakeFiles/cmTC_1c11d.dir/link.txt --verbose=1
/usr/bin/clang++  -std=c++03 -pedantic -Wall -Wextra -Wundef -Wcast-align -Wchar-subscripts -Wnon-virtual-dtor -Wunused-local-typedefs -Wpointer-arith -Wwrite-strings -Wformat-security -Wshorten-64-to-32 -Wenum-conversion -Wc++11-extensions -Wdouble-promotion -Wshadow -Wno-variadic-macros -Wno-long-long -fno-check-new -fno-common -fstrict-aliasing -Werror -arch x86_64 -isysroot /Library/Developer/CommandLineTools/SDKs/MacOSX11.1.sdk -Wl,-search_paths_first -Wl,-headerpad_max_install_names CMakeFiles/cmTC_1c11d.dir/src.cxx.o -o cmTC_1c11d 


Source file was:
int main() { return 0; }
Performing C++ SOURCE FILE Test COMPILER_SUPPORT_ansi succeeded with the following output:
Change Dir: /Users/dameon0430/Documents/Dev/SFML/learno/build/CMakeFiles/CMakeTmp

Run Build Command(s):/usr/bin/make -f Makefile cmTC_158a6/fast && /Library/Developer/CommandLineTools/usr/bin/make  -f CMakeFiles/cmTC_158a6.dir/build.make CMakeFiles/cmTC_158a6.dir/build
Building CXX object CMakeFiles/cmTC_158a6.dir/src.cxx.o
/usr/bin/clang++ -DCOMPILER_SUPPORT_ansi  -std=c++03 -pedantic -Wall -Wextra -Wundef -Wcast-align -Wchar-subscripts -Wnon-virtual-dtor -Wunused-local-typedefs -Wpointer-arith -Wwrite-strings -Wformat-security -Wshorten-64-to-32 -Wenum-conversion -Wc++11-extensions -Wdouble-promotion -Wshadow -Wno-variadic-macros -Wno-long-long -fno-check-new -fno-common -fstrict-aliasing -Qunused-arguments -Werror -arch x86_64 -isysroot /Library/Developer/CommandLineTools/SDKs/MacOSX11.1.sdk   -ansi -MD -MT CMakeFiles/cmTC_158a6.dir/src.cxx.o -MF CMakeFiles/cmTC_158a6.dir/src.cxx.o.d -o CMakeFiles/cmTC_158a6.dir/src.cxx.o -c /Users/dameon0430/Documents/Dev/SFML/learno/build/CMakeFiles/CMakeTmp/src.cxx
Linking CXX executable cmTC_158a6
/usr/local/Cellar/cmake/3.20.0/bin/cmake -E cmake_link_script CMakeFiles/cmTC_158a6.dir/link.txt --verbose=1
/usr/bin/clang++  -std=c++03 -pedantic -Wall -Wextra -Wundef -Wcast-align -Wchar-subscripts -Wnon-virtual-dtor -Wunused-local-typedefs -Wpointer-arith -Wwrite-strings -Wformat-security -Wshorten-64-to-32 -Wenum-conversion -Wc++11-extensions -Wdouble-promotion -Wshadow -Wno-variadic-macros -Wno-long-long -fno-check-new -fno-common -fstrict-aliasing -Qunused-arguments -Werror -arch x86_64 -isysroot /Library/Developer/CommandLineTools/SDKs/MacOSX11.1.sdk -Wl,-search_paths_first -Wl,-headerpad_max_install_names CMakeFiles/cmTC_158a6.dir/src.cxx.o -o cmTC_158a6 


Source file was:
int main() { return 0; }
Determining if the include file pthread.h exists passed with the following output:
Change Dir: /Users/dameon0430/Documents/Dev/SFML/learno/build/CMakeFiles/CMakeTmp

Run Build Command(s):/usr/bin/make -f Makefile cmTC_cd5a5/fast && /Library/Developer/CommandLineTools/usr/bin/make  -f CMakeFiles/cmTC_cd5a5.dir/build.make CMakeFiles/cmTC_cd5a5.dir/build
Building C object CMakeFiles/cmTC_cd5a5.dir/CheckIncludeFile.c.o
/usr/bin/clang   -arch x86_64 -isysroot /Library/Developer/CommandLineTools/SDKs/MacOSX11.1.sdk -MD -MT CMakeFiles/cmTC_cd5a5.dir/CheckIncludeFile.c.o -MF CMakeFiles/cmTC_cd5a5.dir/CheckIncludeFile.c.o.d -o CMakeFiles/cmTC_cd5a5.dir/CheckIncludeFile.c.o -c /Users/dameon0430/Documents/Dev/SFML/learno/build/CMakeFiles/CMakeTmp/CheckIncludeFile.c
Linking C executable cmTC_cd5a5
/usr/local/Cellar/cmake/3.20.0/bin/cmake -E cmake_link_script CMakeFiles/cmTC_cd5a5.dir/link.txt --verbose=1
/usr/bin/clang  -arch x86_64 -isysroot /Library/Developer/CommandLineTools/SDKs/MacOSX11.1.sdk -Wl,-search_paths_first -Wl,-headerpad_max_install_names CMakeFiles/cmTC_cd5a5.dir/CheckIncludeFile.c.o -o cmTC_cd5a5 



Performing C SOURCE FILE Test CMAKE_HAVE_LIBC_PTHREAD succeeded with the following output:
Change Dir: /Users/dameon0430/Documents/Dev/SFML/learno/build/CMakeFiles/CMakeTmp

Run Build Command(s):/usr/bin/make -f Makefile cmTC_aaf7c/fast && /Library/Developer/CommandLineTools/usr/bin/make  -f CMakeFiles/cmTC_aaf7c.dir/build.make CMakeFiles/cmTC_aaf7c.dir/build
Building C object CMakeFiles/cmTC_aaf7c.dir/src.c.o
/usr/bin/clang -DCMAKE_HAVE_LIBC_PTHREAD  -arch x86_64 -isysroot /Library/Developer/CommandLineTools/SDKs/MacOSX11.1.sdk -MD -MT CMakeFiles/cmTC_aaf7c.dir/src.c.o -MF CMakeFiles/cmTC_aaf7c.dir/src.c.o.d -o CMakeFiles/cmTC_aaf7c.dir/src.c.o -c /Users/dameon0430/Documents/Dev/SFML/learno/build/CMakeFiles/CMakeTmp/src.c
Linking C executable cmTC_aaf7c
/usr/local/Cellar/cmake/3.20.0/bin/cmake -E cmake_link_script CMakeFiles/cmTC_aaf7c.dir/link.txt --verbose=1
/usr/bin/clang  -arch x86_64 -isysroot /Library/Developer/CommandLineTools/SDKs/MacOSX11.1.sdk -Wl,-search_paths_first -Wl,-headerpad_max_install_names CMakeFiles/cmTC_aaf7c.dir/src.c.o -o cmTC_aaf7c 


Source file was:
#include <pthread.h>

static void* test_func(void* data)
{
  return data;
}

int main(void)
{
  pthread_t thread;
  pthread_create(&thread, NULL, test_func, NULL);
  pthread_detach(thread);
  pthread_cancel(thread);
  pthread_join(thread, NULL);
  pthread_atfork(NULL, NULL, NULL);
  pthread_exit(NULL);

  return 0;
}

Determining if the function sgemm_ exists passed with the following output:
Change Dir: /Users/dameon0430/Documents/Dev/SFML/learno/build/CMakeFiles/CMakeTmp

Run Build Command(s):/usr/bin/make -f Makefile cmTC_af8b7/fast && /Library/Developer/CommandLineTools/usr/bin/make  -f CMakeFiles/cmTC_af8b7.dir/build.make CMakeFiles/cmTC_af8b7.dir/build
Building C object CMakeFiles/cmTC_af8b7.dir/CheckFunctionExists.c.o
/usr/bin/clang   -DCHECK_FUNCTION_EXISTS=sgemm_ -arch x86_64 -isysroot /Library/Developer/CommandLineTools/SDKs/MacOSX11.1.sdk -MD -MT CMakeFiles/cmTC_af8b7.dir/CheckFunctionExists.c.o -MF CMakeFiles/cmTC_af8b7.dir/CheckFunctionExists.c.o.d -o CMakeFiles/cmTC_af8b7.dir/CheckFunctionExists.c.o -c /usr/local/Cellar/cmake/3.20.0/share/cmake/Modules/CheckFunctionExists.c
Linking C executable cmTC_af8b7
/usr/local/Cellar/cmake/3.20.0/bin/cmake -E cmake_link_script CMakeFiles/cmTC_af8b7.dir/link.txt --verbose=1
/usr/bin/clang  -DCHECK_FUNCTION_EXISTS=sgemm_ -arch x86_64 -isysroot /Library/Developer/CommandLineTools/SDKs/MacOSX11.1.sdk -Wl,-search_paths_first -Wl,-headerpad_max_install_names CMakeFiles/cmTC_af8b7.dir/CheckFunctionExists.c.o -o cmTC_af8b7  /Library/Developer/CommandLineTools/SDKs/MacOSX11.1.sdk/usr/lib/libblas.tbd 



Determining if the function cheev_ exists passed with the following output:
Change Dir: /Users/dameon0430/Documents/Dev/SFML/learno/build/CMakeFiles/CMakeTmp

Run Build Command(s):/usr/bin/make -f Makefile cmTC_2aca8/fast && /Library/Developer/CommandLineTools/usr/bin/make  -f CMakeFiles/cmTC_2aca8.dir/build.make CMakeFiles/cmTC_2aca8.dir/build
Building C object CMakeFiles/cmTC_2aca8.dir/CheckFunctionExists.c.o
/usr/bin/clang -DLAPACK_USE_F2C  -DCHECK_FUNCTION_EXISTS=cheev_ -arch x86_64 -isysroot /Library/Developer/CommandLineTools/SDKs/MacOSX11.1.sdk -MD -MT CMakeFiles/cmTC_2aca8.dir/CheckFunctionExists.c.o -MF CMakeFiles/cmTC_2aca8.dir/CheckFunctionExists.c.o.d -o CMakeFiles/cmTC_2aca8.dir/CheckFunctionExists.c.o -c /usr/local/Cellar/cmake/3.20.0/share/cmake/Modules/CheckFunctionExists.c
Linking C executable cmTC_2aca8
/usr/local/Cellar/cmake/3.20.0/bin/cmake -E cmake_link_script CMakeFiles/cmTC_2aca8.dir/link.txt --verbose=1
/usr/bin/clang  -DCHECK_FUNCTION_EXISTS=cheev_ -arch x86_64 -isysroot /Library/Developer/CommandLineTools/SDKs/MacOSX11.1.sdk -Wl,-search_paths_first -Wl,-headerpad_max_install_names CMakeFiles/cmTC_2aca8.dir/CheckFunctionExists.c.o -o cmTC_2aca8  -framework Accelerate /Library/Developer/CommandLineTools/SDKs/MacOSX11.1.sdk/usr/lib/libblas.tbd 



Performing C++ SOURCE FILE Test COMPILER_SUPPORT_FASTMATH succeeded with the following output:
Change Dir: /Users/dameon0430/Documents/Dev/SFML/learno/build/CMakeFiles/CMakeTmp

Run Build Command(s):/usr/bin/make -f Makefile cmTC_107c2/fast && /Library/Developer/CommandLineTools/usr/bin/make  -f CMakeFiles/cmTC_107c2.dir/build.make CMakeFiles/cmTC_107c2.dir/build
Building CXX object CMakeFiles/cmTC_107c2.dir/src.cxx.o
/usr/bin/clang++ -DCOMPILER_SUPPORT_FASTMATH  -std=c++03 -pedantic -Wall -Wextra -Wundef -Wcast-align -Wchar-subscripts -Wnon-virtual-dtor -Wunused-local-typedefs -Wpointer-arith -Wwrite-strings -Wformat-security -Wshorten-64-to-32 -Wenum-conversion -Wc++11-extensions -Wdouble-promotion -Wshadow -Wno-variadic-macros -Wno-long-long -fno-check-new -fno-common -fstrict-aliasing -Qunused-arguments -ansi  -arch x86_64 -isysroot /Library/Developer/CommandLineTools/SDKs/MacOSX11.1.sdk   -ffast-math -MD -MT CMakeFiles/cmTC_107c2.dir/src.cxx.o -MF CMakeFiles/cmTC_107c2.dir/src.cxx.o.d -o CMakeFiles/cmTC_107c2.dir/src.cxx.o -c /Users/dameon0430/Documents/Dev/SFML/learno/build/CMakeFiles/CMakeTmp/src.cxx
Linking CXX executable cmTC_107c2
/usr/local/Cellar/cmake/3.20.0/bin/cmake -E cmake_link_script CMakeFiles/cmTC_107c2.dir/link.txt --verbose=1
/usr/bin/clang++  -std=c++03 -pedantic -Wall -Wextra -Wundef -Wcast-align -Wchar-subscripts -Wnon-virtual-dtor -Wunused-local-typedefs -Wpointer-arith -Wwrite-strings -Wformat-security -Wshorten-64-to-32 -Wenum-conversion -Wc++11-extensions -Wdouble-promotion -Wshadow -Wno-variadic-macros -Wno-long-long -fno-check-new -fno-common -fstrict-aliasing -Qunused-arguments -ansi  -arch x86_64 -isysroot /Library/Developer/CommandLineTools/SDKs/MacOSX11.1.sdk -Wl,-search_paths_first -Wl,-headerpad_max_install_names CMakeFiles/cmTC_107c2.dir/src.cxx.o -o cmTC_107c2 


Source file was:
int main() { return 0; }
